
---
events:
  -
    kind: "message-v1"
    backtrace:
      - "C:/Users/27118/AppData/Local/vcpkg/downloads/tools/cmake-3.30.1-windows/cmake-3.30.1-windows-i386/share/cmake-3.30/Modules/CMakeDetermineSystem.cmake:205 (message)"
      - "CMakeLists.txt:29 (project)"
    message: |
      The system is: Windows - 10.0.26200 - AMD64
  -
    kind: "message-v1"
    backtrace:
      - "C:/Users/27118/AppData/Local/vcpkg/downloads/tools/cmake-3.30.1-windows/cmake-3.30.1-windows-i386/share/cmake-3.30/Modules/CMakeDetermineCompilerId.cmake:17 (message)"
      - "C:/Users/27118/AppData/Local/vcpkg/downloads/tools/cmake-3.30.1-windows/cmake-3.30.1-windows-i386/share/cmake-3.30/Modules/CMakeDetermineCompilerId.cmake:64 (__determine_compiler_id_test)"
      - "C:/Users/27118/AppData/Local/vcpkg/downloads/tools/cmake-3.30.1-windows/cmake-3.30.1-windows-i386/share/cmake-3.30/Modules/CMakeDetermineCCompiler.cmake:123 (CMAKE_DETERMINE_COMPILER_ID)"
      - "CMakeLists.txt:29 (project)"
    message: |
      Compiling the C compiler identification source file "CMakeCCompilerId.c" succeeded.
      Compiler: D:/VS/2022/BuildTools/VC/Tools/MSVC/14.44.35207/bin/Hostx64/x64/cl.exe 
      Build flags: /nologo;/DWIN32;/D_WINDOWS;/utf-8;/MP
      Id flags:  
      
      The output was:
      0
      CMakeCCompilerId.c
      
      
      Compilation of the C compiler identification source "CMakeCCompilerId.c" produced "CMakeCCompilerId.exe"
      
      Compilation of the C compiler identification source "CMakeCCompilerId.c" produced "CMakeCCompilerId.obj"
      
      The C compiler identification is MSVC, found in:
        C:/Users/27118/Desktop/Imperial/abstraction-recovery/cpp/vcpkg_installed/vcpkg/blds/suitesparse-cholmod/x64-windows-dbg/CMakeFiles/3.30.1/CompilerIdC/CMakeCCompilerId.exe
      
  -
    kind: "message-v1"
    backtrace:
      - "C:/Users/27118/AppData/Local/vcpkg/downloads/tools/cmake-3.30.1-windows/cmake-3.30.1-windows-i386/share/cmake-3.30/Modules/CMakeDetermineCompilerId.cmake:1243 (message)"
      - "C:/Users/27118/AppData/Local/vcpkg/downloads/tools/cmake-3.30.1-windows/cmake-3.30.1-windows-i386/share/cmake-3.30/Modules/CMakeDetermineCompilerId.cmake:250 (CMAKE_DETERMINE_MSVC_SHOWINCLUDES_PREFIX)"
      - "C:/Users/27118/AppData/Local/vcpkg/downloads/tools/cmake-3.30.1-windows/cmake-3.30.1-windows-i386/share/cmake-3.30/Modules/CMakeDetermineCCompiler.cmake:123 (CMAKE_DETERMINE_COMPILER_ID)"
      - "CMakeLists.txt:29 (project)"
    message: |
      Detecting C compiler /showIncludes prefix:
        main.c
        Note: including file: C:\\Users\\27118\\Desktop\\Imperial\\abstraction-recovery\\cpp\\vcpkg_installed\\vcpkg\\blds\\suitesparse-cholmod\\x64-windows-dbg\\CMakeFiles\\ShowIncludes\\foo.h
        
      Found prefix "Note: including file: "
  -
    kind: "try_compile-v1"
    backtrace:
      - "C:/Users/27118/AppData/Local/vcpkg/downloads/tools/cmake-3.30.1-windows/cmake-3.30.1-windows-i386/share/cmake-3.30/Modules/CMakeDetermineCompilerABI.cmake:74 (try_compile)"
      - "C:/Users/27118/AppData/Local/vcpkg/downloads/tools/cmake-3.30.1-windows/cmake-3.30.1-windows-i386/share/cmake-3.30/Modules/CMakeTestCCompiler.cmake:26 (CMAKE_DETERMINE_COMPILER_ABI)"
      - "CMakeLists.txt:29 (project)"
    checks:
      - "Detecting C compiler ABI info"
    directories:
      source: "C:/Users/27118/Desktop/Imperial/abstraction-recovery/cpp/vcpkg_installed/vcpkg/blds/suitesparse-cholmod/x64-windows-dbg/CMakeFiles/CMakeScratch/TryCompile-rxwtr1"
      binary: "C:/Users/27118/Desktop/Imperial/abstraction-recovery/cpp/vcpkg_installed/vcpkg/blds/suitesparse-cholmod/x64-windows-dbg/CMakeFiles/CMakeScratch/TryCompile-rxwtr1"
    cmakeVariables:
      CMAKE_C_FLAGS: " /nologo /DWIN32 /D_WINDOWS /utf-8 /MP "
      CMAKE_C_FLAGS_DEBUG: "/MDd /Z7 /Ob0 /Od /RTC1 "
      CMAKE_EXE_LINKER_FLAGS: "/machine:x64"
      CMAKE_MSVC_DEBUG_INFORMATION_FORMAT: ""
      CMAKE_MSVC_RUNTIME_LIBRARY: "MultiThreaded$<$<CONFIG:Debug>:Debug>$<$<STREQUAL:dynamic,dynamic>:DLL>"
      VCPKG_CHAINLOAD_TOOLCHAIN_FILE: "D:/VS/2022/BuildTools/VC/vcpkg/scripts/toolchains/windows.cmake"
      VCPKG_CRT_LINKAGE: "dynamic"
      VCPKG_CXX_FLAGS: ""
      VCPKG_CXX_FLAGS_DEBUG: ""
      VCPKG_CXX_FLAGS_RELEASE: ""
      VCPKG_C_FLAGS: ""
      VCPKG_C_FLAGS_DEBUG: ""
      VCPKG_C_FLAGS_RELEASE: ""
      VCPKG_INSTALLED_DIR: "C:/Users/27118/Desktop/Imperial/abstraction-recovery/cpp/vcpkg_installed"
      VCPKG_LINKER_FLAGS: ""
      VCPKG_LINKER_FLAGS_DEBUG: ""
      VCPKG_LINKER_FLAGS_RELEASE: ""
      VCPKG_PLATFORM_TOOLSET: "v143"
      VCPKG_PREFER_SYSTEM_LIBS: "OFF"
      VCPKG_SET_CHARSET_FLAG: "ON"
      VCPKG_TARGET_ARCHITECTURE: "x64"
      VCPKG_TARGET_TRIPLET: "x64-windows"
      Z_VCPKG_ROOT_DIR: "D:/VS/2022/BuildTools/VC/vcpkg"
    buildResult:
      variable: "CMAKE_C_ABI_COMPILED"
      cached: true
      stdout: |
        Change Dir: 'C:/Users/27118/Desktop/Imperial/abstraction-recovery/cpp/vcpkg_installed/vcpkg/blds/suitesparse-cholmod/x64-windows-dbg/CMakeFiles/CMakeScratch/TryCompile-rxwtr1'
        
        Run Build Command(s): D:/VS/2022/BuildTools/Common7/IDE/CommonExtensions/Microsoft/CMake/Ninja/ninja.exe -v cmTC_7ba7f
        [1/2] D:\\VS\\2022\\BuildTools\\VC\\Tools\\MSVC\\14.44.35207\\bin\\Hostx64\\x64\\cl.exe  /nologo   /nologo /DWIN32 /D_WINDOWS /utf-8 /MP   /MDd /Z7 /Ob0 /Od /RTC1  -MDd /showIncludes /FoCMakeFiles\\cmTC_7ba7f.dir\\CMakeCCompilerABI.c.obj /FdCMakeFiles\\cmTC_7ba7f.dir\\ /FS -c C:\\Users\\27118\\AppData\\Local\\vcpkg\\downloads\\tools\\cmake-3.30.1-windows\\cmake-3.30.1-windows-i386\\share\\cmake-3.30\\Modules\\CMakeCCompilerABI.c
        [2/2] C:\\WINDOWS\\system32\\cmd.exe /C "cd . && C:\\Users\\27118\\AppData\\Local\\vcpkg\\downloads\\tools\\cmake-3.30.1-windows\\cmake-3.30.1-windows-i386\\bin\\cmake.exe -E vs_link_exe --intdir=CMakeFiles\\cmTC_7ba7f.dir --rc=C:\\PROGRA~2\\WI3CF2~1\\10\\bin\\100261~1.0\\x64\\rc.exe --mt=C:\\PROGRA~2\\WI3CF2~1\\10\\bin\\100261~1.0\\x64\\mt.exe --manifests  -- D:\\VS\\2022\\BuildTools\\VC\\Tools\\MSVC\\14.44.35207\\bin\\Hostx64\\x64\\link.exe /nologo CMakeFiles\\cmTC_7ba7f.dir\\CMakeCCompilerABI.c.obj  /out:cmTC_7ba7f.exe /implib:cmTC_7ba7f.lib /pdb:cmTC_7ba7f.pdb /version:0.0 /machine:x64  /nologo    /debug /INCREMENTAL /subsystem:console  kernel32.lib user32.lib gdi32.lib winspool.lib shell32.lib ole32.lib oleaut32.lib uuid.lib comdlg32.lib advapi32.lib && cd ."
        
      exitCode: 0
  -
    kind: "message-v1"
    backtrace:
      - "C:/Users/27118/AppData/Local/vcpkg/downloads/tools/cmake-3.30.1-windows/cmake-3.30.1-windows-i386/share/cmake-3.30/Modules/CMakeDetermineCompilerABI.cmake:218 (message)"
      - "C:/Users/27118/AppData/Local/vcpkg/downloads/tools/cmake-3.30.1-windows/cmake-3.30.1-windows-i386/share/cmake-3.30/Modules/CMakeTestCCompiler.cmake:26 (CMAKE_DETERMINE_COMPILER_ABI)"
      - "CMakeLists.txt:29 (project)"
    message: |
      Parsed C implicit link information:
        link line regex: [^( *|.*[/\\])(ld[0-9]*(\\.[a-z]+)?|link\\.exe|lld-link(\\.exe)?|CMAKE_LINK_STARTFILE-NOTFOUND|([^/\\]+-)?ld|collect2)[^/\\]*( |$)]
        linker tool regex: [^[ 	]*(->|")?[ 	]*(([^"]*[/\\])?(ld[0-9]*(\\.[a-z]+)?|link\\.exe|lld-link(\\.exe)?))("|,| |$)]
        linker tool for 'C': D:/VS/2022/BuildTools/VC/Tools/MSVC/14.44.35207/bin/Hostx64/x64/link.exe
        implicit libs: []
        implicit objs: []
        implicit dirs: []
        implicit fwks: []
      
      
  -
    kind: "message-v1"
    backtrace:
      - "C:/Users/27118/AppData/Local/vcpkg/downloads/tools/cmake-3.30.1-windows/cmake-3.30.1-windows-i386/share/cmake-3.30/Modules/Internal/CMakeDetermineLinkerId.cmake:40 (message)"
      - "C:/Users/27118/AppData/Local/vcpkg/downloads/tools/cmake-3.30.1-windows/cmake-3.30.1-windows-i386/share/cmake-3.30/Modules/CMakeDetermineCompilerABI.cmake:255 (cmake_determine_linker_id)"
      - "C:/Users/27118/AppData/Local/vcpkg/downloads/tools/cmake-3.30.1-windows/cmake-3.30.1-windows-i386/share/cmake-3.30/Modules/CMakeTestCCompiler.cmake:26 (CMAKE_DETERMINE_COMPILER_ABI)"
      - "CMakeLists.txt:29 (project)"
    message: |
      Running the C compiler's linker: "D:/VS/2022/BuildTools/VC/Tools/MSVC/14.44.35207/bin/Hostx64/x64/link.exe" "-v"
      Microsoft (R) Incremental Linker Version 14.44.35217.0
      Copyright (C) Microsoft Corporation.  All rights reserved.
  -
    kind: "try_compile-v1"
    backtrace:
      - "C:/Users/27118/AppData/Local/vcpkg/downloads/tools/cmake-3.30.1-windows/cmake-3.30.1-windows-i386/share/cmake-3.30/Modules/CheckIncludeFile.cmake:90 (try_compile)"
      - "C:/Users/27118/AppData/Local/vcpkg/downloads/tools/cmake-3.30.1-windows/cmake-3.30.1-windows-i386/share/cmake-3.30/Modules/CheckTypeSize.cmake:251 (check_include_file)"
      - "CMakeLists.txt:59 (check_type_size)"
    checks:
      - "Looking for sys/types.h"
    directories:
      source: "C:/Users/27118/Desktop/Imperial/abstraction-recovery/cpp/vcpkg_installed/vcpkg/blds/suitesparse-cholmod/x64-windows-dbg/CMakeFiles/CMakeScratch/TryCompile-basmo1"
      binary: "C:/Users/27118/Desktop/Imperial/abstraction-recovery/cpp/vcpkg_installed/vcpkg/blds/suitesparse-cholmod/x64-windows-dbg/CMakeFiles/CMakeScratch/TryCompile-basmo1"
    cmakeVariables:
      CMAKE_C_FLAGS: " /nologo /DWIN32 /D_WINDOWS /utf-8 /MP "
      CMAKE_C_FLAGS_DEBUG: "/MDd /Z7 /Ob0 /Od /RTC1 "
      CMAKE_EXE_LINKER_FLAGS: "/machine:x64"
      CMAKE_MODULE_PATH: "C:/Users/27118/Desktop/Imperial/abstraction-recovery/cpp/vcpkg_installed/vcpkg/blds/suitesparse-cholmod/src/v7.8.3-371eca9f9f.clean/CHOLMOD/cmake_modules;C:/Users/27118/Desktop/Imperial/abstraction-recovery/cpp/vcpkg_installed/vcpkg/blds/suitesparse-cholmod/src/v7.8.3-371eca9f9f.clean/CHOLMOD/../SuiteSparse_config/cmake_modules;C:/Users/27118/Desktop/Imperial/abstraction-recovery/cpp/vcpkg_installed/vcpkg/blds/suitesparse-cholmod/src/v7.8.3-371eca9f9f.clean/CHOLMOD/cmake_modules;C:/Users/27118/Desktop/Imperial/abstraction-recovery/cpp/vcpkg_installed/vcpkg/blds/suitesparse-cholmod/src/v7.8.3-371eca9f9f.clean/CHOLMOD/../lib/cmake"
      CMAKE_MSVC_DEBUG_INFORMATION_FORMAT: ""
      CMAKE_MSVC_RUNTIME_LIBRARY: "MultiThreaded$<$<CONFIG:Debug>:Debug>$<$<STREQUAL:dynamic,dynamic>:DLL>"
      VCPKG_CHAINLOAD_TOOLCHAIN_FILE: "D:/VS/2022/BuildTools/VC/vcpkg/scripts/toolchains/windows.cmake"
      VCPKG_CRT_LINKAGE: "dynamic"
      VCPKG_CXX_FLAGS: ""
      VCPKG_CXX_FLAGS_DEBUG: ""
      VCPKG_CXX_FLAGS_RELEASE: ""
      VCPKG_C_FLAGS: ""
      VCPKG_C_FLAGS_DEBUG: ""
      VCPKG_C_FLAGS_RELEASE: ""
      VCPKG_INSTALLED_DIR: "C:/Users/27118/Desktop/Imperial/abstraction-recovery/cpp/vcpkg_installed"
      VCPKG_LINKER_FLAGS: ""
      VCPKG_LINKER_FLAGS_DEBUG: ""
      VCPKG_LINKER_FLAGS_RELEASE: ""
      VCPKG_PLATFORM_TOOLSET: "v143"
      VCPKG_PREFER_SYSTEM_LIBS: "OFF"
      VCPKG_SET_CHARSET_FLAG: "ON"
      VCPKG_TARGET_ARCHITECTURE: "x64"
      VCPKG_TARGET_TRIPLET: "x64-windows"
      Z_VCPKG_ROOT_DIR: "D:/VS/2022/BuildTools/VC/vcpkg"
    buildResult:
      variable: "HAVE_SYS_TYPES_H"
      cached: true
      stdout: |
        Change Dir: 'C:/Users/27118/Desktop/Imperial/abstraction-recovery/cpp/vcpkg_installed/vcpkg/blds/suitesparse-cholmod/x64-windows-dbg/CMakeFiles/CMakeScratch/TryCompile-basmo1'
        
        Run Build Command(s): D:/VS/2022/BuildTools/Common7/IDE/CommonExtensions/Microsoft/CMake/Ninja/ninja.exe -v cmTC_22a0c
        [1/2] D:\\VS\\2022\\BuildTools\\VC\\Tools\\MSVC\\14.44.35207\\bin\\Hostx64\\x64\\cl.exe  /nologo   /nologo /DWIN32 /D_WINDOWS /utf-8 /MP   /MDd /Z7 /Ob0 /Od /RTC1  -MDd /showIncludes /FoCMakeFiles\\cmTC_22a0c.dir\\CheckIncludeFile.c.obj /FdCMakeFiles\\cmTC_22a0c.dir\\ /FS -c C:\\Users\\27118\\Desktop\\Imperial\\abstraction-recovery\\cpp\\vcpkg_installed\\vcpkg\\blds\\suitesparse-cholmod\\x64-windows-dbg\\CMakeFiles\\CMakeScratch\\TryCompile-basmo1\\CheckIncludeFile.c
        [2/2] C:\\WINDOWS\\system32\\cmd.exe /C "cd . && C:\\Users\\27118\\AppData\\Local\\vcpkg\\downloads\\tools\\cmake-3.30.1-windows\\cmake-3.30.1-windows-i386\\bin\\cmake.exe -E vs_link_exe --intdir=CMakeFiles\\cmTC_22a0c.dir --rc=C:\\PROGRA~2\\WI3CF2~1\\10\\bin\\100261~1.0\\x64\\rc.exe --mt=C:\\PROGRA~2\\WI3CF2~1\\10\\bin\\100261~1.0\\x64\\mt.exe --manifests  -- D:\\VS\\2022\\BuildTools\\VC\\Tools\\MSVC\\14.44.35207\\bin\\Hostx64\\x64\\link.exe /nologo CMakeFiles\\cmTC_22a0c.dir\\CheckIncludeFile.c.obj  /out:cmTC_22a0c.exe /implib:cmTC_22a0c.lib /pdb:cmTC_22a0c.pdb /version:0.0 /machine:x64  /nologo    /debug /INCREMENTAL /subsystem:console  kernel32.lib user32.lib gdi32.lib winspool.lib shell32.lib ole32.lib oleaut32.lib uuid.lib comdlg32.lib advapi32.lib && cd ."
        
      exitCode: 0
  -
    kind: "try_compile-v1"
    backtrace:
      - "C:/Users/27118/AppData/Local/vcpkg/downloads/tools/cmake-3.30.1-windows/cmake-3.30.1-windows-i386/share/cmake-3.30/Modules/CheckIncludeFile.cmake:90 (try_compile)"
      - "C:/Users/27118/AppData/Local/vcpkg/downloads/tools/cmake-3.30.1-windows/cmake-3.30.1-windows-i386/share/cmake-3.30/Modules/CheckTypeSize.cmake:252 (check_include_file)"
      - "CMakeLists.txt:59 (check_type_size)"
    checks:
      - "Looking for stdint.h"
    directories:
      source: "C:/Users/27118/Desktop/Imperial/abstraction-recovery/cpp/vcpkg_installed/vcpkg/blds/suitesparse-cholmod/x64-windows-dbg/CMakeFiles/CMakeScratch/TryCompile-be73mz"
      binary: "C:/Users/27118/Desktop/Imperial/abstraction-recovery/cpp/vcpkg_installed/vcpkg/blds/suitesparse-cholmod/x64-windows-dbg/CMakeFiles/CMakeScratch/TryCompile-be73mz"
    cmakeVariables:
      CMAKE_C_FLAGS: " /nologo /DWIN32 /D_WINDOWS /utf-8 /MP "
      CMAKE_C_FLAGS_DEBUG: "/MDd /Z7 /Ob0 /Od /RTC1 "
      CMAKE_EXE_LINKER_FLAGS: "/machine:x64"
      CMAKE_MODULE_PATH: "C:/Users/27118/Desktop/Imperial/abstraction-recovery/cpp/vcpkg_installed/vcpkg/blds/suitesparse-cholmod/src/v7.8.3-371eca9f9f.clean/CHOLMOD/cmake_modules;C:/Users/27118/Desktop/Imperial/abstraction-recovery/cpp/vcpkg_installed/vcpkg/blds/suitesparse-cholmod/src/v7.8.3-371eca9f9f.clean/CHOLMOD/../SuiteSparse_config/cmake_modules;C:/Users/27118/Desktop/Imperial/abstraction-recovery/cpp/vcpkg_installed/vcpkg/blds/suitesparse-cholmod/src/v7.8.3-371eca9f9f.clean/CHOLMOD/cmake_modules;C:/Users/27118/Desktop/Imperial/abstraction-recovery/cpp/vcpkg_installed/vcpkg/blds/suitesparse-cholmod/src/v7.8.3-371eca9f9f.clean/CHOLMOD/../lib/cmake"
      CMAKE_MSVC_DEBUG_INFORMATION_FORMAT: ""
      CMAKE_MSVC_RUNTIME_LIBRARY: "MultiThreaded$<$<CONFIG:Debug>:Debug>$<$<STREQUAL:dynamic,dynamic>:DLL>"
      VCPKG_CHAINLOAD_TOOLCHAIN_FILE: "D:/VS/2022/BuildTools/VC/vcpkg/scripts/toolchains/windows.cmake"
      VCPKG_CRT_LINKAGE: "dynamic"
      VCPKG_CXX_FLAGS: ""
      VCPKG_CXX_FLAGS_DEBUG: ""
      VCPKG_CXX_FLAGS_RELEASE: ""
      VCPKG_C_FLAGS: ""
      VCPKG_C_FLAGS_DEBUG: ""
      VCPKG_C_FLAGS_RELEASE: ""
      VCPKG_INSTALLED_DIR: "C:/Users/27118/Desktop/Imperial/abstraction-recovery/cpp/vcpkg_installed"
      VCPKG_LINKER_FLAGS: ""
      VCPKG_LINKER_FLAGS_DEBUG: ""
      VCPKG_LINKER_FLAGS_RELEASE: ""
      VCPKG_PLATFORM_TOOLSET: "v143"
      VCPKG_PREFER_SYSTEM_LIBS: "OFF"
      VCPKG_SET_CHARSET_FLAG: "ON"
      VCPKG_TARGET_ARCHITECTURE: "x64"
      VCPKG_TARGET_TRIPLET: "x64-windows"
      Z_VCPKG_ROOT_DIR: "D:/VS/2022/BuildTools/VC/vcpkg"
    buildResult:
      variable: "HAVE_STDINT_H"
      cached: true
      stdout: |
        Change Dir: 'C:/Users/27118/Desktop/Imperial/abstraction-recovery/cpp/vcpkg_installed/vcpkg/blds/suitesparse-cholmod/x64-windows-dbg/CMakeFiles/CMakeScratch/TryCompile-be73mz'
        
        Run Build Command(s): D:/VS/2022/BuildTools/Common7/IDE/CommonExtensions/Microsoft/CMake/Ninja/ninja.exe -v cmTC_cbe6c
        [1/2] D:\\VS\\2022\\BuildTools\\VC\\Tools\\MSVC\\14.44.35207\\bin\\Hostx64\\x64\\cl.exe  /nologo   /nologo /DWIN32 /D_WINDOWS /utf-8 /MP   /MDd /Z7 /Ob0 /Od /RTC1  -MDd /showIncludes /FoCMakeFiles\\cmTC_cbe6c.dir\\CheckIncludeFile.c.obj /FdCMakeFiles\\cmTC_cbe6c.dir\\ /FS -c C:\\Users\\27118\\Desktop\\Imperial\\abstraction-recovery\\cpp\\vcpkg_installed\\vcpkg\\blds\\suitesparse-cholmod\\x64-windows-dbg\\CMakeFiles\\CMakeScratch\\TryCompile-be73mz\\CheckIncludeFile.c
        [2/2] C:\\WINDOWS\\system32\\cmd.exe /C "cd . && C:\\Users\\27118\\AppData\\Local\\vcpkg\\downloads\\tools\\cmake-3.30.1-windows\\cmake-3.30.1-windows-i386\\bin\\cmake.exe -E vs_link_exe --intdir=CMakeFiles\\cmTC_cbe6c.dir --rc=C:\\PROGRA~2\\WI3CF2~1\\10\\bin\\100261~1.0\\x64\\rc.exe --mt=C:\\PROGRA~2\\WI3CF2~1\\10\\bin\\100261~1.0\\x64\\mt.exe --manifests  -- D:\\VS\\2022\\BuildTools\\VC\\Tools\\MSVC\\14.44.35207\\bin\\Hostx64\\x64\\link.exe /nologo CMakeFiles\\cmTC_cbe6c.dir\\CheckIncludeFile.c.obj  /out:cmTC_cbe6c.exe /implib:cmTC_cbe6c.lib /pdb:cmTC_cbe6c.pdb /version:0.0 /machine:x64  /nologo    /debug /INCREMENTAL /subsystem:console  kernel32.lib user32.lib gdi32.lib winspool.lib shell32.lib ole32.lib oleaut32.lib uuid.lib comdlg32.lib advapi32.lib && cd ."
        
      exitCode: 0
  -
    kind: "try_compile-v1"
    backtrace:
      - "C:/Users/27118/AppData/Local/vcpkg/downloads/tools/cmake-3.30.1-windows/cmake-3.30.1-windows-i386/share/cmake-3.30/Modules/CheckIncludeFile.cmake:90 (try_compile)"
      - "C:/Users/27118/AppData/Local/vcpkg/downloads/tools/cmake-3.30.1-windows/cmake-3.30.1-windows-i386/share/cmake-3.30/Modules/CheckTypeSize.cmake:253 (check_include_file)"
      - "CMakeLists.txt:59 (check_type_size)"
    checks:
      - "Looking for stddef.h"
    directories:
      source: "C:/Users/27118/Desktop/Imperial/abstraction-recovery/cpp/vcpkg_installed/vcpkg/blds/suitesparse-cholmod/x64-windows-dbg/CMakeFiles/CMakeScratch/TryCompile-hromgi"
      binary: "C:/Users/27118/Desktop/Imperial/abstraction-recovery/cpp/vcpkg_installed/vcpkg/blds/suitesparse-cholmod/x64-windows-dbg/CMakeFiles/CMakeScratch/TryCompile-hromgi"
    cmakeVariables:
      CMAKE_C_FLAGS: " /nologo /DWIN32 /D_WINDOWS /utf-8 /MP "
      CMAKE_C_FLAGS_DEBUG: "/MDd /Z7 /Ob0 /Od /RTC1 "
      CMAKE_EXE_LINKER_FLAGS: "/machine:x64"
      CMAKE_MODULE_PATH: "C:/Users/27118/Desktop/Imperial/abstraction-recovery/cpp/vcpkg_installed/vcpkg/blds/suitesparse-cholmod/src/v7.8.3-371eca9f9f.clean/CHOLMOD/cmake_modules;C:/Users/27118/Desktop/Imperial/abstraction-recovery/cpp/vcpkg_installed/vcpkg/blds/suitesparse-cholmod/src/v7.8.3-371eca9f9f.clean/CHOLMOD/../SuiteSparse_config/cmake_modules;C:/Users/27118/Desktop/Imperial/abstraction-recovery/cpp/vcpkg_installed/vcpkg/blds/suitesparse-cholmod/src/v7.8.3-371eca9f9f.clean/CHOLMOD/cmake_modules;C:/Users/27118/Desktop/Imperial/abstraction-recovery/cpp/vcpkg_installed/vcpkg/blds/suitesparse-cholmod/src/v7.8.3-371eca9f9f.clean/CHOLMOD/../lib/cmake"
      CMAKE_MSVC_DEBUG_INFORMATION_FORMAT: ""
      CMAKE_MSVC_RUNTIME_LIBRARY: "MultiThreaded$<$<CONFIG:Debug>:Debug>$<$<STREQUAL:dynamic,dynamic>:DLL>"
      VCPKG_CHAINLOAD_TOOLCHAIN_FILE: "D:/VS/2022/BuildTools/VC/vcpkg/scripts/toolchains/windows.cmake"
      VCPKG_CRT_LINKAGE: "dynamic"
      VCPKG_CXX_FLAGS: ""
      VCPKG_CXX_FLAGS_DEBUG: ""
      VCPKG_CXX_FLAGS_RELEASE: ""
      VCPKG_C_FLAGS: ""
      VCPKG_C_FLAGS_DEBUG: ""
      VCPKG_C_FLAGS_RELEASE: ""
      VCPKG_INSTALLED_DIR: "C:/Users/27118/Desktop/Imperial/abstraction-recovery/cpp/vcpkg_installed"
      VCPKG_LINKER_FLAGS: ""
      VCPKG_LINKER_FLAGS_DEBUG: ""
      VCPKG_LINKER_FLAGS_RELEASE: ""
      VCPKG_PLATFORM_TOOLSET: "v143"
      VCPKG_PREFER_SYSTEM_LIBS: "OFF"
      VCPKG_SET_CHARSET_FLAG: "ON"
      VCPKG_TARGET_ARCHITECTURE: "x64"
      VCPKG_TARGET_TRIPLET: "x64-windows"
      Z_VCPKG_ROOT_DIR: "D:/VS/2022/BuildTools/VC/vcpkg"
    buildResult:
      variable: "HAVE_STDDEF_H"
      cached: true
      stdout: |
        Change Dir: 'C:/Users/27118/Desktop/Imperial/abstraction-recovery/cpp/vcpkg_installed/vcpkg/blds/suitesparse-cholmod/x64-windows-dbg/CMakeFiles/CMakeScratch/TryCompile-hromgi'
        
        Run Build Command(s): D:/VS/2022/BuildTools/Common7/IDE/CommonExtensions/Microsoft/CMake/Ninja/ninja.exe -v cmTC_a5986
        [1/2] D:\\VS\\2022\\BuildTools\\VC\\Tools\\MSVC\\14.44.35207\\bin\\Hostx64\\x64\\cl.exe  /nologo   /nologo /DWIN32 /D_WINDOWS /utf-8 /MP   /MDd /Z7 /Ob0 /Od /RTC1  -MDd /showIncludes /FoCMakeFiles\\cmTC_a5986.dir\\CheckIncludeFile.c.obj /FdCMakeFiles\\cmTC_a5986.dir\\ /FS -c C:\\Users\\27118\\Desktop\\Imperial\\abstraction-recovery\\cpp\\vcpkg_installed\\vcpkg\\blds\\suitesparse-cholmod\\x64-windows-dbg\\CMakeFiles\\CMakeScratch\\TryCompile-hromgi\\CheckIncludeFile.c
        [2/2] C:\\WINDOWS\\system32\\cmd.exe /C "cd . && C:\\Users\\27118\\AppData\\Local\\vcpkg\\downloads\\tools\\cmake-3.30.1-windows\\cmake-3.30.1-windows-i386\\bin\\cmake.exe -E vs_link_exe --intdir=CMakeFiles\\cmTC_a5986.dir --rc=C:\\PROGRA~2\\WI3CF2~1\\10\\bin\\100261~1.0\\x64\\rc.exe --mt=C:\\PROGRA~2\\WI3CF2~1\\10\\bin\\100261~1.0\\x64\\mt.exe --manifests  -- D:\\VS\\2022\\BuildTools\\VC\\Tools\\MSVC\\14.44.35207\\bin\\Hostx64\\x64\\link.exe /nologo CMakeFiles\\cmTC_a5986.dir\\CheckIncludeFile.c.obj  /out:cmTC_a5986.exe /implib:cmTC_a5986.lib /pdb:cmTC_a5986.pdb /version:0.0 /machine:x64  /nologo    /debug /INCREMENTAL /subsystem:console  kernel32.lib user32.lib gdi32.lib winspool.lib shell32.lib ole32.lib oleaut32.lib uuid.lib comdlg32.lib advapi32.lib && cd ."
        
      exitCode: 0
  -
    kind: "try_compile-v1"
    backtrace:
      - "C:/Users/27118/AppData/Local/vcpkg/downloads/tools/cmake-3.30.1-windows/cmake-3.30.1-windows-i386/share/cmake-3.30/Modules/CheckTypeSize.cmake:147 (try_compile)"
      - "C:/Users/27118/AppData/Local/vcpkg/downloads/tools/cmake-3.30.1-windows/cmake-3.30.1-windows-i386/share/cmake-3.30/Modules/CheckTypeSize.cmake:272 (__check_type_size_impl)"
      - "CMakeLists.txt:59 (check_type_size)"
    checks:
      - "Check size of ssize_t"
    directories:
      source: "C:/Users/27118/Desktop/Imperial/abstraction-recovery/cpp/vcpkg_installed/vcpkg/blds/suitesparse-cholmod/x64-windows-dbg/CMakeFiles/CMakeScratch/TryCompile-21f3be"
      binary: "C:/Users/27118/Desktop/Imperial/abstraction-recovery/cpp/vcpkg_installed/vcpkg/blds/suitesparse-cholmod/x64-windows-dbg/CMakeFiles/CMakeScratch/TryCompile-21f3be"
    cmakeVariables:
      CMAKE_C_FLAGS: " /nologo /DWIN32 /D_WINDOWS /utf-8 /MP "
      CMAKE_C_FLAGS_DEBUG: "/MDd /Z7 /Ob0 /Od /RTC1 "
      CMAKE_EXE_LINKER_FLAGS: "/machine:x64"
      CMAKE_MODULE_PATH: "C:/Users/27118/Desktop/Imperial/abstraction-recovery/cpp/vcpkg_installed/vcpkg/blds/suitesparse-cholmod/src/v7.8.3-371eca9f9f.clean/CHOLMOD/cmake_modules;C:/Users/27118/Desktop/Imperial/abstraction-recovery/cpp/vcpkg_installed/vcpkg/blds/suitesparse-cholmod/src/v7.8.3-371eca9f9f.clean/CHOLMOD/../SuiteSparse_config/cmake_modules;C:/Users/27118/Desktop/Imperial/abstraction-recovery/cpp/vcpkg_installed/vcpkg/blds/suitesparse-cholmod/src/v7.8.3-371eca9f9f.clean/CHOLMOD/cmake_modules;C:/Users/27118/Desktop/Imperial/abstraction-recovery/cpp/vcpkg_installed/vcpkg/blds/suitesparse-cholmod/src/v7.8.3-371eca9f9f.clean/CHOLMOD/../lib/cmake"
      CMAKE_MSVC_DEBUG_INFORMATION_FORMAT: ""
      CMAKE_MSVC_RUNTIME_LIBRARY: "MultiThreaded$<$<CONFIG:Debug>:Debug>$<$<STREQUAL:dynamic,dynamic>:DLL>"
      VCPKG_CHAINLOAD_TOOLCHAIN_FILE: "D:/VS/2022/BuildTools/VC/vcpkg/scripts/toolchains/windows.cmake"
      VCPKG_CRT_LINKAGE: "dynamic"
      VCPKG_CXX_FLAGS: ""
      VCPKG_CXX_FLAGS_DEBUG: ""
      VCPKG_CXX_FLAGS_RELEASE: ""
      VCPKG_C_FLAGS: ""
      VCPKG_C_FLAGS_DEBUG: ""
      VCPKG_C_FLAGS_RELEASE: ""
      VCPKG_INSTALLED_DIR: "C:/Users/27118/Desktop/Imperial/abstraction-recovery/cpp/vcpkg_installed"
      VCPKG_LINKER_FLAGS: ""
      VCPKG_LINKER_FLAGS_DEBUG: ""
      VCPKG_LINKER_FLAGS_RELEASE: ""
      VCPKG_PLATFORM_TOOLSET: "v143"
      VCPKG_PREFER_SYSTEM_LIBS: "OFF"
      VCPKG_SET_CHARSET_FLAG: "ON"
      VCPKG_TARGET_ARCHITECTURE: "x64"
      VCPKG_TARGET_TRIPLET: "x64-windows"
      Z_VCPKG_ROOT_DIR: "D:/VS/2022/BuildTools/VC/vcpkg"
    buildResult:
      variable: "HAVE_SSIZE_T"
      cached: true
      stdout: |
        Change Dir: 'C:/Users/27118/Desktop/Imperial/abstraction-recovery/cpp/vcpkg_installed/vcpkg/blds/suitesparse-cholmod/x64-windows-dbg/CMakeFiles/CMakeScratch/TryCompile-21f3be'
        
        Run Build Command(s): D:/VS/2022/BuildTools/Common7/IDE/CommonExtensions/Microsoft/CMake/Ninja/ninja.exe -v cmTC_76eaf
        [1/2] D:\\VS\\2022\\BuildTools\\VC\\Tools\\MSVC\\14.44.35207\\bin\\Hostx64\\x64\\cl.exe  /nologo   /nologo /DWIN32 /D_WINDOWS /utf-8 /MP   /MDd /Z7 /Ob0 /Od /RTC1  -MDd /showIncludes /FoCMakeFiles\\cmTC_76eaf.dir\\SSIZE_T.c.obj /FdCMakeFiles\\cmTC_76eaf.dir\\ /FS -c C:\\Users\\27118\\Desktop\\Imperial\\abstraction-recovery\\cpp\\vcpkg_installed\\vcpkg\\blds\\suitesparse-cholmod\\x64-windows-dbg\\CMakeFiles\\CMakeScratch\\TryCompile-21f3be\\SSIZE_T.c
        FAILED: CMakeFiles/cmTC_76eaf.dir/SSIZE_T.c.obj 
        D:\\VS\\2022\\BuildTools\\VC\\Tools\\MSVC\\14.44.35207\\bin\\Hostx64\\x64\\cl.exe  /nologo   /nologo /DWIN32 /D_WINDOWS /utf-8 /MP   /MDd /Z7 /Ob0 /Od /RTC1  -MDd /showIncludes /FoCMakeFiles\\cmTC_76eaf.dir\\SSIZE_T.c.obj /FdCMakeFiles\\cmTC_76eaf.dir\\ /FS -c C:\\Users\\27118\\Desktop\\Imperial\\abstraction-recovery\\cpp\\vcpkg_installed\\vcpkg\\blds\\suitesparse-cholmod\\x64-windows-dbg\\CMakeFiles\\CMakeScratch\\TryCompile-21f3be\\SSIZE_T.c
        C:\\Users\\27118\\Desktop\\Imperial\\abstraction-recovery\\cpp\\vcpkg_installed\\vcpkg\\blds\\suitesparse-cholmod\\x64-windows-dbg\\CMakeFiles\\CMakeScratch\\TryCompile-21f3be\\SSIZE_T.c(29): error C2065: 'ssize_t': undeclared identifier
        C:\\Users\\27118\\Desktop\\Imperial\\abstraction-recovery\\cpp\\vcpkg_installed\\vcpkg\\blds\\suitesparse-cholmod\\x64-windows-dbg\\CMakeFiles\\CMakeScratch\\TryCompile-21f3be\\SSIZE_T.c(30): error C2065: 'ssize_t': undeclared identifier
        C:\\Users\\27118\\Desktop\\Imperial\\abstraction-recovery\\cpp\\vcpkg_installed\\vcpkg\\blds\\suitesparse-cholmod\\x64-windows-dbg\\CMakeFiles\\CMakeScratch\\TryCompile-21f3be\\SSIZE_T.c(31): error C2065: 'ssize_t': undeclared identifier
        C:\\Users\\27118\\Desktop\\Imperial\\abstraction-recovery\\cpp\\vcpkg_installed\\vcpkg\\blds\\suitesparse-cholmod\\x64-windows-dbg\\CMakeFiles\\CMakeScratch\\TryCompile-21f3be\\SSIZE_T.c(32): error C2065: 'ssize_t': undeclared identifier
        C:\\Users\\27118\\Desktop\\Imperial\\abstraction-recovery\\cpp\\vcpkg_installed\\vcpkg\\blds\\suitesparse-cholmod\\x64-windows-dbg\\CMakeFiles\\CMakeScratch\\TryCompile-21f3be\\SSIZE_T.c(33): error C2065: 'ssize_t': undeclared identifier
        ninja: build stopped: subcommand failed.
        
      exitCode: 1
  -
    kind: "try_compile-v1"
    backtrace:
      - "C:/Users/27118/AppData/Local/vcpkg/downloads/tools/cmake-3.30.1-windows/cmake-3.30.1-windows-i386/share/cmake-3.30/Modules/CheckFunctionExists.cmake:86 (try_compile)"
      - "C:/Users/27118/AppData/Local/vcpkg/downloads/tools/cmake-3.30.1-windows/cmake-3.30.1-windows-i386/share/cmake-3.30/Modules/FindBLAS.cmake:377 (check_function_exists)"
      - "C:/Users/27118/AppData/Local/vcpkg/downloads/tools/cmake-3.30.1-windows/cmake-3.30.1-windows-i386/share/cmake-3.30/Modules/FindBLAS.cmake:762 (check_blas_libraries)"
      - "C:/Users/27118/Desktop/Imperial/abstraction-recovery/cpp/vcpkg_installed/x64-windows/share/blas/vcpkg-cmake-wrapper.cmake:7 (_find_package)"
      - "D:/VS/2022/BuildTools/VC/vcpkg/scripts/buildsystems/vcpkg.cmake:850 (include)"
      - "C:/Users/27118/Desktop/Imperial/abstraction-recovery/cpp/vcpkg_installed/vcpkg/blds/suitesparse-cholmod/src/v7.8.3-371eca9f9f.clean/SuiteSparse_config/cmake_modules/SuiteSparseBLAS.cmake:1 (find_package)"
      - "CMakeLists.txt:297 (include)"
    checks:
      - "Looking for sgemm_"
    directories:
      source: "C:/Users/27118/Desktop/Imperial/abstraction-recovery/cpp/vcpkg_installed/vcpkg/blds/suitesparse-cholmod/x64-windows-dbg/CMakeFiles/CMakeScratch/TryCompile-uqs8vh"
      binary: "C:/Users/27118/Desktop/Imperial/abstraction-recovery/cpp/vcpkg_installed/vcpkg/blds/suitesparse-cholmod/x64-windows-dbg/CMakeFiles/CMakeScratch/TryCompile-uqs8vh"
    cmakeVariables:
      CMAKE_C_FLAGS: " /nologo /DWIN32 /D_WINDOWS /utf-8 /MP "
      CMAKE_C_FLAGS_DEBUG: "/MDd /Z7 /Ob0 /Od /RTC1 "
      CMAKE_EXE_LINKER_FLAGS: "/machine:x64"
      CMAKE_MODULE_PATH: "C:/Users/27118/Desktop/Imperial/abstraction-recovery/cpp/vcpkg_installed/vcpkg/blds/suitesparse-cholmod/src/v7.8.3-371eca9f9f.clean/CHOLMOD/cmake_modules;C:/Users/27118/Desktop/Imperial/abstraction-recovery/cpp/vcpkg_installed/vcpkg/blds/suitesparse-cholmod/src/v7.8.3-371eca9f9f.clean/CHOLMOD/../SuiteSparse_config/cmake_modules;C:/Users/27118/Desktop/Imperial/abstraction-recovery/cpp/vcpkg_installed/vcpkg/blds/suitesparse-cholmod/src/v7.8.3-371eca9f9f.clean/CHOLMOD/cmake_modules;C:/Users/27118/Desktop/Imperial/abstraction-recovery/cpp/vcpkg_installed/vcpkg/blds/suitesparse-cholmod/src/v7.8.3-371eca9f9f.clean/CHOLMOD/../lib/cmake"
      CMAKE_MSVC_DEBUG_INFORMATION_FORMAT: ""
      CMAKE_MSVC_RUNTIME_LIBRARY: "MultiThreaded$<$<CONFIG:Debug>:Debug>$<$<STREQUAL:dynamic,dynamic>:DLL>"
      VCPKG_CHAINLOAD_TOOLCHAIN_FILE: "D:/VS/2022/BuildTools/VC/vcpkg/scripts/toolchains/windows.cmake"
      VCPKG_CRT_LINKAGE: "dynamic"
      VCPKG_CXX_FLAGS: ""
      VCPKG_CXX_FLAGS_DEBUG: ""
      VCPKG_CXX_FLAGS_RELEASE: ""
      VCPKG_C_FLAGS: ""
      VCPKG_C_FLAGS_DEBUG: ""
      VCPKG_C_FLAGS_RELEASE: ""
      VCPKG_INSTALLED_DIR: "C:/Users/27118/Desktop/Imperial/abstraction-recovery/cpp/vcpkg_installed"
      VCPKG_LINKER_FLAGS: ""
      VCPKG_LINKER_FLAGS_DEBUG: ""
      VCPKG_LINKER_FLAGS_RELEASE: ""
      VCPKG_PLATFORM_TOOLSET: "v143"
      VCPKG_PREFER_SYSTEM_LIBS: "OFF"
      VCPKG_SET_CHARSET_FLAG: "ON"
      VCPKG_TARGET_ARCHITECTURE: "x64"
      VCPKG_TARGET_TRIPLET: "x64-windows"
      Z_VCPKG_ROOT_DIR: "D:/VS/2022/BuildTools/VC/vcpkg"
    buildResult:
      variable: "BLAS_openblas_WORKS"
      cached: true
      stdout: |
        Change Dir: 'C:/Users/27118/Desktop/Imperial/abstraction-recovery/cpp/vcpkg_installed/vcpkg/blds/suitesparse-cholmod/x64-windows-dbg/CMakeFiles/CMakeScratch/TryCompile-uqs8vh'
        
        Run Build Command(s): D:/VS/2022/BuildTools/Common7/IDE/CommonExtensions/Microsoft/CMake/Ninja/ninja.exe -v cmTC_b4443
        [1/2] D:\\VS\\2022\\BuildTools\\VC\\Tools\\MSVC\\14.44.35207\\bin\\Hostx64\\x64\\cl.exe  /nologo   /nologo /DWIN32 /D_WINDOWS /utf-8 /MP  -DCHECK_FUNCTION_EXISTS=sgemm_ /MDd /Z7 /Ob0 /Od /RTC1  -MDd /showIncludes /FoCMakeFiles\\cmTC_b4443.dir\\CheckFunctionExists.c.obj /FdCMakeFiles\\cmTC_b4443.dir\\ /FS -c C:\\Users\\27118\\Desktop\\Imperial\\abstraction-recovery\\cpp\\vcpkg_installed\\vcpkg\\blds\\suitesparse-cholmod\\x64-windows-dbg\\CMakeFiles\\CMakeScratch\\TryCompile-uqs8vh\\CheckFunctionExists.c
        [2/2] C:\\WINDOWS\\system32\\cmd.exe /C "cd . && C:\\Users\\27118\\AppData\\Local\\vcpkg\\downloads\\tools\\cmake-3.30.1-windows\\cmake-3.30.1-windows-i386\\bin\\cmake.exe -E vs_link_exe --intdir=CMakeFiles\\cmTC_b4443.dir --rc=C:\\PROGRA~2\\WI3CF2~1\\10\\bin\\100261~1.0\\x64\\rc.exe --mt=C:\\PROGRA~2\\WI3CF2~1\\10\\bin\\100261~1.0\\x64\\mt.exe --manifests  -- D:\\VS\\2022\\BuildTools\\VC\\Tools\\MSVC\\14.44.35207\\bin\\Hostx64\\x64\\link.exe /nologo CMakeFiles\\cmTC_b4443.dir\\CheckFunctionExists.c.obj  /out:cmTC_b4443.exe /implib:cmTC_b4443.lib /pdb:cmTC_b4443.pdb /version:0.0 /machine:x64  /nologo    /debug /INCREMENTAL /subsystem:console  C:\\Users\\27118\\Desktop\\Imperial\\abstraction-recovery\\cpp\\vcpkg_installed\\x64-windows\\debug\\lib\\openblas.lib  kernel32.lib user32.lib gdi32.lib winspool.lib shell32.lib ole32.lib oleaut32.lib uuid.lib comdlg32.lib advapi32.lib && cd ."
        
      exitCode: 0
  -
    kind: "try_compile-v1"
    backtrace:
      - "C:/Users/27118/AppData/Local/vcpkg/downloads/tools/cmake-3.30.1-windows/cmake-3.30.1-windows-i386/share/cmake-3.30/Modules/Internal/CheckSourceCompiles.cmake:101 (try_compile)"
      - "C:/Users/27118/AppData/Local/vcpkg/downloads/tools/cmake-3.30.1-windows/cmake-3.30.1-windows-i386/share/cmake-3.30/Modules/CheckCSourceCompiles.cmake:52 (cmake_check_source_compiles)"
      - "C:/Users/27118/AppData/Local/vcpkg/downloads/tools/cmake-3.30.1-windows/cmake-3.30.1-windows-i386/share/cmake-3.30/Modules/FindThreads.cmake:97 (CHECK_C_SOURCE_COMPILES)"
      - "C:/Users/27118/AppData/Local/vcpkg/downloads/tools/cmake-3.30.1-windows/cmake-3.30.1-windows-i386/share/cmake-3.30/Modules/FindThreads.cmake:163 (_threads_check_libc)"
      - "D:/VS/2022/BuildTools/VC/vcpkg/scripts/buildsystems/vcpkg.cmake:896 (_find_package)"
      - "C:/Users/27118/Desktop/Imperial/abstraction-recovery/cpp/vcpkg_installed/x64-windows/share/lapack/FindLAPACK.cmake:224 (find_package)"
      - "C:/Users/27118/Desktop/Imperial/abstraction-recovery/cpp/vcpkg_installed/x64-windows/share/lapack/vcpkg-cmake-wrapper.cmake:19 (_find_package)"
      - "D:/VS/2022/BuildTools/VC/vcpkg/scripts/buildsystems/vcpkg.cmake:850 (include)"
      - "C:/Users/27118/Desktop/Imperial/abstraction-recovery/cpp/vcpkg_installed/vcpkg/blds/suitesparse-cholmod/src/v7.8.3-371eca9f9f.clean/SuiteSparse_config/cmake_modules/SuiteSparseLAPACK.cmake:73 (find_package)"
      - "CMakeLists.txt:298 (include)"
    checks:
      - "Performing Test CMAKE_HAVE_LIBC_PTHREAD"
    directories:
      source: "C:/Users/27118/Desktop/Imperial/abstraction-recovery/cpp/vcpkg_installed/vcpkg/blds/suitesparse-cholmod/x64-windows-dbg/CMakeFiles/CMakeScratch/TryCompile-yi87hn"
      binary: "C:/Users/27118/Desktop/Imperial/abstraction-recovery/cpp/vcpkg_installed/vcpkg/blds/suitesparse-cholmod/x64-windows-dbg/CMakeFiles/CMakeScratch/TryCompile-yi87hn"
    cmakeVariables:
      CMAKE_C_FLAGS: " /nologo /DWIN32 /D_WINDOWS /utf-8 /MP "
      CMAKE_C_FLAGS_DEBUG: "/MDd /Z7 /Ob0 /Od /RTC1 "
      CMAKE_EXE_LINKER_FLAGS: "/machine:x64"
      CMAKE_MODULE_PATH: "C:/Users/27118/Desktop/Imperial/abstraction-recovery/cpp/vcpkg_installed/vcpkg/blds/suitesparse-cholmod/src/v7.8.3-371eca9f9f.clean/CHOLMOD/cmake_modules;C:/Users/27118/Desktop/Imperial/abstraction-recovery/cpp/vcpkg_installed/vcpkg/blds/suitesparse-cholmod/src/v7.8.3-371eca9f9f.clean/CHOLMOD/../SuiteSparse_config/cmake_modules;C:/Users/27118/Desktop/Imperial/abstraction-recovery/cpp/vcpkg_installed/vcpkg/blds/suitesparse-cholmod/src/v7.8.3-371eca9f9f.clean/CHOLMOD/cmake_modules;C:/Users/27118/Desktop/Imperial/abstraction-recovery/cpp/vcpkg_installed/vcpkg/blds/suitesparse-cholmod/src/v7.8.3-371eca9f9f.clean/CHOLMOD/../lib/cmake;C:/Users/27118/Desktop/Imperial/abstraction-recovery/cpp/vcpkg_installed/x64-windows/share/lapack"
      CMAKE_MSVC_DEBUG_INFORMATION_FORMAT: ""
      CMAKE_MSVC_RUNTIME_LIBRARY: "MultiThreaded$<$<CONFIG:Debug>:Debug>$<$<STREQUAL:dynamic,dynamic>:DLL>"
      VCPKG_CHAINLOAD_TOOLCHAIN_FILE: "D:/VS/2022/BuildTools/VC/vcpkg/scripts/toolchains/windows.cmake"
      VCPKG_CRT_LINKAGE: "dynamic"
      VCPKG_CXX_FLAGS: ""
      VCPKG_CXX_FLAGS_DEBUG: ""
      VCPKG_CXX_FLAGS_RELEASE: ""
      VCPKG_C_FLAGS: ""
      VCPKG_C_FLAGS_DEBUG: ""
      VCPKG_C_FLAGS_RELEASE: ""
      VCPKG_INSTALLED_DIR: "C:/Users/27118/Desktop/Imperial/abstraction-recovery/cpp/vcpkg_installed"
      VCPKG_LINKER_FLAGS: ""
      VCPKG_LINKER_FLAGS_DEBUG: ""
      VCPKG_LINKER_FLAGS_RELEASE: ""
      VCPKG_PLATFORM_TOOLSET: "v143"
      VCPKG_PREFER_SYSTEM_LIBS: "OFF"
      VCPKG_SET_CHARSET_FLAG: "ON"
      VCPKG_TARGET_ARCHITECTURE: "x64"
      VCPKG_TARGET_TRIPLET: "x64-windows"
      Z_VCPKG_ROOT_DIR: "D:/VS/2022/BuildTools/VC/vcpkg"
    buildResult:
      variable: "CMAKE_HAVE_LIBC_PTHREAD"
      cached: true
      stdout: |
        Change Dir: 'C:/Users/27118/Desktop/Imperial/abstraction-recovery/cpp/vcpkg_installed/vcpkg/blds/suitesparse-cholmod/x64-windows-dbg/CMakeFiles/CMakeScratch/TryCompile-yi87hn'
        
        Run Build Command(s): D:/VS/2022/BuildTools/Common7/IDE/CommonExtensions/Microsoft/CMake/Ninja/ninja.exe -v cmTC_bc132
        [1/2] D:\\VS\\2022\\BuildTools\\VC\\Tools\\MSVC\\14.44.35207\\bin\\Hostx64\\x64\\cl.exe  /nologo -DCMAKE_HAVE_LIBC_PTHREAD  /nologo /DWIN32 /D_WINDOWS /utf-8 /MP   /MDd /Z7 /Ob0 /Od /RTC1  -MDd /showIncludes /FoCMakeFiles\\cmTC_bc132.dir\\src.c.obj /FdCMakeFiles\\cmTC_bc132.dir\\ /FS -c C:\\Users\\27118\\Desktop\\Imperial\\abstraction-recovery\\cpp\\vcpkg_installed\\vcpkg\\blds\\suitesparse-cholmod\\x64-windows-dbg\\CMakeFiles\\CMakeScratch\\TryCompile-yi87hn\\src.c
        FAILED: CMakeFiles/cmTC_bc132.dir/src.c.obj 
        D:\\VS\\2022\\BuildTools\\VC\\Tools\\MSVC\\14.44.35207\\bin\\Hostx64\\x64\\cl.exe  /nologo -DCMAKE_HAVE_LIBC_PTHREAD  /nologo /DWIN32 /D_WINDOWS /utf-8 /MP   /MDd /Z7 /Ob0 /Od /RTC1  -MDd /showIncludes /FoCMakeFiles\\cmTC_bc132.dir\\src.c.obj /FdCMakeFiles\\cmTC_bc132.dir\\ /FS -c C:\\Users\\27118\\Desktop\\Imperial\\abstraction-recovery\\cpp\\vcpkg_installed\\vcpkg\\blds\\suitesparse-cholmod\\x64-windows-dbg\\CMakeFiles\\CMakeScratch\\TryCompile-yi87hn\\src.c
        C:\\Users\\27118\\Desktop\\Imperial\\abstraction-recovery\\cpp\\vcpkg_installed\\vcpkg\\blds\\suitesparse-cholmod\\x64-windows-dbg\\CMakeFiles\\CMakeScratch\\TryCompile-yi87hn\\src.c(1): fatal error C1083: Cannot open include file: 'pthread.h': No such file or directory
        ninja: build stopped: subcommand failed.
        
      exitCode: 1
  -
    kind: "try_compile-v1"
    backtrace:
      - "C:/Users/27118/AppData/Local/vcpkg/downloads/tools/cmake-3.30.1-windows/cmake-3.30.1-windows-i386/share/cmake-3.30/Modules/CheckLibraryExists.cmake:69 (try_compile)"
      - "C:/Users/27118/AppData/Local/vcpkg/downloads/tools/cmake-3.30.1-windows/cmake-3.30.1-windows-i386/share/cmake-3.30/Modules/FindThreads.cmake:112 (CHECK_LIBRARY_EXISTS)"
      - "C:/Users/27118/AppData/Local/vcpkg/downloads/tools/cmake-3.30.1-windows/cmake-3.30.1-windows-i386/share/cmake-3.30/Modules/FindThreads.cmake:175 (_threads_check_lib)"
      - "D:/VS/2022/BuildTools/VC/vcpkg/scripts/buildsystems/vcpkg.cmake:896 (_find_package)"
      - "C:/Users/27118/Desktop/Imperial/abstraction-recovery/cpp/vcpkg_installed/x64-windows/share/lapack/FindLAPACK.cmake:224 (find_package)"
      - "C:/Users/27118/Desktop/Imperial/abstraction-recovery/cpp/vcpkg_installed/x64-windows/share/lapack/vcpkg-cmake-wrapper.cmake:19 (_find_package)"
      - "D:/VS/2022/BuildTools/VC/vcpkg/scripts/buildsystems/vcpkg.cmake:850 (include)"
      - "C:/Users/27118/Desktop/Imperial/abstraction-recovery/cpp/vcpkg_installed/vcpkg/blds/suitesparse-cholmod/src/v7.8.3-371eca9f9f.clean/SuiteSparse_config/cmake_modules/SuiteSparseLAPACK.cmake:73 (find_package)"
      - "CMakeLists.txt:298 (include)"
    checks:
      - "Looking for pthread_create in pthreads"
    directories:
      source: "C:/Users/27118/Desktop/Imperial/abstraction-recovery/cpp/vcpkg_installed/vcpkg/blds/suitesparse-cholmod/x64-windows-dbg/CMakeFiles/CMakeScratch/TryCompile-qy9umn"
      binary: "C:/Users/27118/Desktop/Imperial/abstraction-recovery/cpp/vcpkg_installed/vcpkg/blds/suitesparse-cholmod/x64-windows-dbg/CMakeFiles/CMakeScratch/TryCompile-qy9umn"
    cmakeVariables:
      CMAKE_C_FLAGS: " /nologo /DWIN32 /D_WINDOWS /utf-8 /MP "
      CMAKE_C_FLAGS_DEBUG: "/MDd /Z7 /Ob0 /Od /RTC1 "
      CMAKE_EXE_LINKER_FLAGS: "/machine:x64"
      CMAKE_MODULE_PATH: "C:/Users/27118/Desktop/Imperial/abstraction-recovery/cpp/vcpkg_installed/vcpkg/blds/suitesparse-cholmod/src/v7.8.3-371eca9f9f.clean/CHOLMOD/cmake_modules;C:/Users/27118/Desktop/Imperial/abstraction-recovery/cpp/vcpkg_installed/vcpkg/blds/suitesparse-cholmod/src/v7.8.3-371eca9f9f.clean/CHOLMOD/../SuiteSparse_config/cmake_modules;C:/Users/27118/Desktop/Imperial/abstraction-recovery/cpp/vcpkg_installed/vcpkg/blds/suitesparse-cholmod/src/v7.8.3-371eca9f9f.clean/CHOLMOD/cmake_modules;C:/Users/27118/Desktop/Imperial/abstraction-recovery/cpp/vcpkg_installed/vcpkg/blds/suitesparse-cholmod/src/v7.8.3-371eca9f9f.clean/CHOLMOD/../lib/cmake;C:/Users/27118/Desktop/Imperial/abstraction-recovery/cpp/vcpkg_installed/x64-windows/share/lapack"
      CMAKE_MSVC_DEBUG_INFORMATION_FORMAT: ""
      CMAKE_MSVC_RUNTIME_LIBRARY: "MultiThreaded$<$<CONFIG:Debug>:Debug>$<$<STREQUAL:dynamic,dynamic>:DLL>"
      VCPKG_CHAINLOAD_TOOLCHAIN_FILE: "D:/VS/2022/BuildTools/VC/vcpkg/scripts/toolchains/windows.cmake"
      VCPKG_CRT_LINKAGE: "dynamic"
      VCPKG_CXX_FLAGS: ""
      VCPKG_CXX_FLAGS_DEBUG: ""
      VCPKG_CXX_FLAGS_RELEASE: ""
      VCPKG_C_FLAGS: ""
      VCPKG_C_FLAGS_DEBUG: ""
      VCPKG_C_FLAGS_RELEASE: ""
      VCPKG_INSTALLED_DIR: "C:/Users/27118/Desktop/Imperial/abstraction-recovery/cpp/vcpkg_installed"
      VCPKG_LINKER_FLAGS: ""
      VCPKG_LINKER_FLAGS_DEBUG: ""
      VCPKG_LINKER_FLAGS_RELEASE: ""
      VCPKG_PLATFORM_TOOLSET: "v143"
      VCPKG_PREFER_SYSTEM_LIBS: "OFF"
      VCPKG_SET_CHARSET_FLAG: "ON"
      VCPKG_TARGET_ARCHITECTURE: "x64"
      VCPKG_TARGET_TRIPLET: "x64-windows"
      Z_VCPKG_ROOT_DIR: "D:/VS/2022/BuildTools/VC/vcpkg"
    buildResult:
      variable: "CMAKE_HAVE_PTHREADS_CREATE"
      cached: true
      stdout: |
        Change Dir: 'C:/Users/27118/Desktop/Imperial/abstraction-recovery/cpp/vcpkg_installed/vcpkg/blds/suitesparse-cholmod/x64-windows-dbg/CMakeFiles/CMakeScratch/TryCompile-qy9umn'
        
        Run Build Command(s): D:/VS/2022/BuildTools/Common7/IDE/CommonExtensions/Microsoft/CMake/Ninja/ninja.exe -v cmTC_0e502
        [1/2] D:\\VS\\2022\\BuildTools\\VC\\Tools\\MSVC\\14.44.35207\\bin\\Hostx64\\x64\\cl.exe  /nologo   /nologo /DWIN32 /D_WINDOWS /utf-8 /MP  -DCHECK_FUNCTION_EXISTS=pthread_create /MDd /Z7 /Ob0 /Od /RTC1  -MDd /showIncludes /FoCMakeFiles\\cmTC_0e502.dir\\CheckFunctionExists.c.obj /FdCMakeFiles\\cmTC_0e502.dir\\ /FS -c C:\\Users\\27118\\Desktop\\Imperial\\abstraction-recovery\\cpp\\vcpkg_installed\\vcpkg\\blds\\suitesparse-cholmod\\x64-windows-dbg\\CMakeFiles\\CMakeScratch\\TryCompile-qy9umn\\CheckFunctionExists.c
        [2/2] C:\\WINDOWS\\system32\\cmd.exe /C "cd . && C:\\Users\\27118\\AppData\\Local\\vcpkg\\downloads\\tools\\cmake-3.30.1-windows\\cmake-3.30.1-windows-i386\\bin\\cmake.exe -E vs_link_exe --intdir=CMakeFiles\\cmTC_0e502.dir --rc=C:\\PROGRA~2\\WI3CF2~1\\10\\bin\\100261~1.0\\x64\\rc.exe --mt=C:\\PROGRA~2\\WI3CF2~1\\10\\bin\\100261~1.0\\x64\\mt.exe --manifests  -- D:\\VS\\2022\\BuildTools\\VC\\Tools\\MSVC\\14.44.35207\\bin\\Hostx64\\x64\\link.exe /nologo CMakeFiles\\cmTC_0e502.dir\\CheckFunctionExists.c.obj  /out:cmTC_0e502.exe /implib:cmTC_0e502.lib /pdb:cmTC_0e502.pdb /version:0.0 /machine:x64  /nologo    /debug /INCREMENTAL /subsystem:console  pthreads.lib  kernel32.lib user32.lib gdi32.lib winspool.lib shell32.lib ole32.lib oleaut32.lib uuid.lib comdlg32.lib advapi32.lib && cd ."
        FAILED: cmTC_0e502.exe 
        C:\\WINDOWS\\system32\\cmd.exe /C "cd . && C:\\Users\\27118\\AppData\\Local\\vcpkg\\downloads\\tools\\cmake-3.30.1-windows\\cmake-3.30.1-windows-i386\\bin\\cmake.exe -E vs_link_exe --intdir=CMakeFiles\\cmTC_0e502.dir --rc=C:\\PROGRA~2\\WI3CF2~1\\10\\bin\\100261~1.0\\x64\\rc.exe --mt=C:\\PROGRA~2\\WI3CF2~1\\10\\bin\\100261~1.0\\x64\\mt.exe --manifests  -- D:\\VS\\2022\\BuildTools\\VC\\Tools\\MSVC\\14.44.35207\\bin\\Hostx64\\x64\\link.exe /nologo CMakeFiles\\cmTC_0e502.dir\\CheckFunctionExists.c.obj  /out:cmTC_0e502.exe /implib:cmTC_0e502.lib /pdb:cmTC_0e502.pdb /version:0.0 /machine:x64  /nologo    /debug /INCREMENTAL /subsystem:console  pthreads.lib  kernel32.lib user32.lib gdi32.lib winspool.lib shell32.lib ole32.lib oleaut32.lib uuid.lib comdlg32.lib advapi32.lib && cd ."
        LINK Pass 1: command "D:\\VS\\2022\\BuildTools\\VC\\Tools\\MSVC\\14.44.35207\\bin\\Hostx64\\x64\\link.exe /nologo CMakeFiles\\cmTC_0e502.dir\\CheckFunctionExists.c.obj /out:cmTC_0e502.exe /implib:cmTC_0e502.lib /pdb:cmTC_0e502.pdb /version:0.0 /machine:x64 /nologo /debug /INCREMENTAL /subsystem:console pthreads.lib kernel32.lib user32.lib gdi32.lib winspool.lib shell32.lib ole32.lib oleaut32.lib uuid.lib comdlg32.lib advapi32.lib /MANIFEST /MANIFESTFILE:CMakeFiles\\cmTC_0e502.dir/intermediate.manifest CMakeFiles\\cmTC_0e502.dir/manifest.res" failed (exit code 1104) with the following output:
        LINK : fatal error LNK1104: cannot open file 'pthreads.lib'\x0d
        ninja: build stopped: subcommand failed.
        
      exitCode: 1
  -
    kind: "try_compile-v1"
    backtrace:
      - "C:/Users/27118/AppData/Local/vcpkg/downloads/tools/cmake-3.30.1-windows/cmake-3.30.1-windows-i386/share/cmake-3.30/Modules/CheckLibraryExists.cmake:69 (try_compile)"
      - "C:/Users/27118/AppData/Local/vcpkg/downloads/tools/cmake-3.30.1-windows/cmake-3.30.1-windows-i386/share/cmake-3.30/Modules/FindThreads.cmake:112 (CHECK_LIBRARY_EXISTS)"
      - "C:/Users/27118/AppData/Local/vcpkg/downloads/tools/cmake-3.30.1-windows/cmake-3.30.1-windows-i386/share/cmake-3.30/Modules/FindThreads.cmake:176 (_threads_check_lib)"
      - "D:/VS/2022/BuildTools/VC/vcpkg/scripts/buildsystems/vcpkg.cmake:896 (_find_package)"
      - "C:/Users/27118/Desktop/Imperial/abstraction-recovery/cpp/vcpkg_installed/x64-windows/share/lapack/FindLAPACK.cmake:224 (find_package)"
      - "C:/Users/27118/Desktop/Imperial/abstraction-recovery/cpp/vcpkg_installed/x64-windows/share/lapack/vcpkg-cmake-wrapper.cmake:19 (_find_package)"
      - "D:/VS/2022/BuildTools/VC/vcpkg/scripts/buildsystems/vcpkg.cmake:850 (include)"
      - "C:/Users/27118/Desktop/Imperial/abstraction-recovery/cpp/vcpkg_installed/vcpkg/blds/suitesparse-cholmod/src/v7.8.3-371eca9f9f.clean/SuiteSparse_config/cmake_modules/SuiteSparseLAPACK.cmake:73 (find_package)"
      - "CMakeLists.txt:298 (include)"
    checks:
      - "Looking for pthread_create in pthread"
    directories:
      source: "C:/Users/27118/Desktop/Imperial/abstraction-recovery/cpp/vcpkg_installed/vcpkg/blds/suitesparse-cholmod/x64-windows-dbg/CMakeFiles/CMakeScratch/TryCompile-ml4wzd"
      binary: "C:/Users/27118/Desktop/Imperial/abstraction-recovery/cpp/vcpkg_installed/vcpkg/blds/suitesparse-cholmod/x64-windows-dbg/CMakeFiles/CMakeScratch/TryCompile-ml4wzd"
    cmakeVariables:
      CMAKE_C_FLAGS: " /nologo /DWIN32 /D_WINDOWS /utf-8 /MP "
      CMAKE_C_FLAGS_DEBUG: "/MDd /Z7 /Ob0 /Od /RTC1 "
      CMAKE_EXE_LINKER_FLAGS: "/machine:x64"
      CMAKE_MODULE_PATH: "C:/Users/27118/Desktop/Imperial/abstraction-recovery/cpp/vcpkg_installed/vcpkg/blds/suitesparse-cholmod/src/v7.8.3-371eca9f9f.clean/CHOLMOD/cmake_modules;C:/Users/27118/Desktop/Imperial/abstraction-recovery/cpp/vcpkg_installed/vcpkg/blds/suitesparse-cholmod/src/v7.8.3-371eca9f9f.clean/CHOLMOD/../SuiteSparse_config/cmake_modules;C:/Users/27118/Desktop/Imperial/abstraction-recovery/cpp/vcpkg_installed/vcpkg/blds/suitesparse-cholmod/src/v7.8.3-371eca9f9f.clean/CHOLMOD/cmake_modules;C:/Users/27118/Desktop/Imperial/abstraction-recovery/cpp/vcpkg_installed/vcpkg/blds/suitesparse-cholmod/src/v7.8.3-371eca9f9f.clean/CHOLMOD/../lib/cmake;C:/Users/27118/Desktop/Imperial/abstraction-recovery/cpp/vcpkg_installed/x64-windows/share/lapack"
      CMAKE_MSVC_DEBUG_INFORMATION_FORMAT: ""
      CMAKE_MSVC_RUNTIME_LIBRARY: "MultiThreaded$<$<CONFIG:Debug>:Debug>$<$<STREQUAL:dynamic,dynamic>:DLL>"
      VCPKG_CHAINLOAD_TOOLCHAIN_FILE: "D:/VS/2022/BuildTools/VC/vcpkg/scripts/toolchains/windows.cmake"
      VCPKG_CRT_LINKAGE: "dynamic"
      VCPKG_CXX_FLAGS: ""
      VCPKG_CXX_FLAGS_DEBUG: ""
      VCPKG_CXX_FLAGS_RELEASE: ""
      VCPKG_C_FLAGS: ""
      VCPKG_C_FLAGS_DEBUG: ""
      VCPKG_C_FLAGS_RELEASE: ""
      VCPKG_INSTALLED_DIR: "C:/Users/27118/Desktop/Imperial/abstraction-recovery/cpp/vcpkg_installed"
      VCPKG_LINKER_FLAGS: ""
      VCPKG_LINKER_FLAGS_DEBUG: ""
      VCPKG_LINKER_FLAGS_RELEASE: ""
      VCPKG_PLATFORM_TOOLSET: "v143"
      VCPKG_PREFER_SYSTEM_LIBS: "OFF"
      VCPKG_SET_CHARSET_FLAG: "ON"
      VCPKG_TARGET_ARCHITECTURE: "x64"
      VCPKG_TARGET_TRIPLET: "x64-windows"
      Z_VCPKG_ROOT_DIR: "D:/VS/2022/BuildTools/VC/vcpkg"
    buildResult:
      variable: "CMAKE_HAVE_PTHREAD_CREATE"
      cached: true
      stdout: |
        Change Dir: 'C:/Users/27118/Desktop/Imperial/abstraction-recovery/cpp/vcpkg_installed/vcpkg/blds/suitesparse-cholmod/x64-windows-dbg/CMakeFiles/CMakeScratch/TryCompile-ml4wzd'
        
        Run Build Command(s): D:/VS/2022/BuildTools/Common7/IDE/CommonExtensions/Microsoft/CMake/Ninja/ninja.exe -v cmTC_265a1
        [1/2] D:\\VS\\2022\\BuildTools\\VC\\Tools\\MSVC\\14.44.35207\\bin\\Hostx64\\x64\\cl.exe  /nologo   /nologo /DWIN32 /D_WINDOWS /utf-8 /MP  -DCHECK_FUNCTION_EXISTS=pthread_create /MDd /Z7 /Ob0 /Od /RTC1  -MDd /showIncludes /FoCMakeFiles\\cmTC_265a1.dir\\CheckFunctionExists.c.obj /FdCMakeFiles\\cmTC_265a1.dir\\ /FS -c C:\\Users\\27118\\Desktop\\Imperial\\abstraction-recovery\\cpp\\vcpkg_installed\\vcpkg\\blds\\suitesparse-cholmod\\x64-windows-dbg\\CMakeFiles\\CMakeScratch\\TryCompile-ml4wzd\\CheckFunctionExists.c
        [2/2] C:\\WINDOWS\\system32\\cmd.exe /C "cd . && C:\\Users\\27118\\AppData\\Local\\vcpkg\\downloads\\tools\\cmake-3.30.1-windows\\cmake-3.30.1-windows-i386\\bin\\cmake.exe -E vs_link_exe --intdir=CMakeFiles\\cmTC_265a1.dir --rc=C:\\PROGRA~2\\WI3CF2~1\\10\\bin\\100261~1.0\\x64\\rc.exe --mt=C:\\PROGRA~2\\WI3CF2~1\\10\\bin\\100261~1.0\\x64\\mt.exe --manifests  -- D:\\VS\\2022\\BuildTools\\VC\\Tools\\MSVC\\14.44.35207\\bin\\Hostx64\\x64\\link.exe /nologo CMakeFiles\\cmTC_265a1.dir\\CheckFunctionExists.c.obj  /out:cmTC_265a1.exe /implib:cmTC_265a1.lib /pdb:cmTC_265a1.pdb /version:0.0 /machine:x64  /nologo    /debug /INCREMENTAL /subsystem:console  pthread.lib  kernel32.lib user32.lib gdi32.lib winspool.lib shell32.lib ole32.lib oleaut32.lib uuid.lib comdlg32.lib advapi32.lib && cd ."
        FAILED: cmTC_265a1.exe 
        C:\\WINDOWS\\system32\\cmd.exe /C "cd . && C:\\Users\\27118\\AppData\\Local\\vcpkg\\downloads\\tools\\cmake-3.30.1-windows\\cmake-3.30.1-windows-i386\\bin\\cmake.exe -E vs_link_exe --intdir=CMakeFiles\\cmTC_265a1.dir --rc=C:\\PROGRA~2\\WI3CF2~1\\10\\bin\\100261~1.0\\x64\\rc.exe --mt=C:\\PROGRA~2\\WI3CF2~1\\10\\bin\\100261~1.0\\x64\\mt.exe --manifests  -- D:\\VS\\2022\\BuildTools\\VC\\Tools\\MSVC\\14.44.35207\\bin\\Hostx64\\x64\\link.exe /nologo CMakeFiles\\cmTC_265a1.dir\\CheckFunctionExists.c.obj  /out:cmTC_265a1.exe /implib:cmTC_265a1.lib /pdb:cmTC_265a1.pdb /version:0.0 /machine:x64  /nologo    /debug /INCREMENTAL /subsystem:console  pthread.lib  kernel32.lib user32.lib gdi32.lib winspool.lib shell32.lib ole32.lib oleaut32.lib uuid.lib comdlg32.lib advapi32.lib && cd ."
        LINK Pass 1: command "D:\\VS\\2022\\BuildTools\\VC\\Tools\\MSVC\\14.44.35207\\bin\\Hostx64\\x64\\link.exe /nologo CMakeFiles\\cmTC_265a1.dir\\CheckFunctionExists.c.obj /out:cmTC_265a1.exe /implib:cmTC_265a1.lib /pdb:cmTC_265a1.pdb /version:0.0 /machine:x64 /nologo /debug /INCREMENTAL /subsystem:console pthread.lib kernel32.lib user32.lib gdi32.lib winspool.lib shell32.lib ole32.lib oleaut32.lib uuid.lib comdlg32.lib advapi32.lib /MANIFEST /MANIFESTFILE:CMakeFiles\\cmTC_265a1.dir/intermediate.manifest CMakeFiles\\cmTC_265a1.dir/manifest.res" failed (exit code 1104) with the following output:
        LINK : fatal error LNK1104: cannot open file 'pthread.lib'\x0d
        ninja: build stopped: subcommand failed.
        
      exitCode: 1
  -
    kind: "try_compile-v1"
    backtrace:
      - "C:/Users/27118/AppData/Local/vcpkg/downloads/tools/cmake-3.30.1-windows/cmake-3.30.1-windows-i386/share/cmake-3.30/Modules/CheckFunctionExists.cmake:86 (try_compile)"
      - "C:/Users/27118/Desktop/Imperial/abstraction-recovery/cpp/vcpkg_installed/x64-windows/share/lapack/FindLAPACK.cmake:176 (check_function_exists)"
      - "C:/Users/27118/Desktop/Imperial/abstraction-recovery/cpp/vcpkg_installed/x64-windows/share/lapack/FindLAPACK.cmake:287 (check_lapack_libraries)"
      - "C:/Users/27118/Desktop/Imperial/abstraction-recovery/cpp/vcpkg_installed/x64-windows/share/lapack/vcpkg-cmake-wrapper.cmake:19 (_find_package)"
      - "D:/VS/2022/BuildTools/VC/vcpkg/scripts/buildsystems/vcpkg.cmake:850 (include)"
      - "C:/Users/27118/Desktop/Imperial/abstraction-recovery/cpp/vcpkg_installed/vcpkg/blds/suitesparse-cholmod/src/v7.8.3-371eca9f9f.clean/SuiteSparse_config/cmake_modules/SuiteSparseLAPACK.cmake:73 (find_package)"
      - "CMakeLists.txt:298 (include)"
    checks:
      - "Looking for cheev_"
    directories:
      source: "C:/Users/27118/Desktop/Imperial/abstraction-recovery/cpp/vcpkg_installed/vcpkg/blds/suitesparse-cholmod/x64-windows-dbg/CMakeFiles/CMakeScratch/TryCompile-wyjbwx"
      binary: "C:/Users/27118/Desktop/Imperial/abstraction-recovery/cpp/vcpkg_installed/vcpkg/blds/suitesparse-cholmod/x64-windows-dbg/CMakeFiles/CMakeScratch/TryCompile-wyjbwx"
    cmakeVariables:
      CMAKE_C_FLAGS: " /nologo /DWIN32 /D_WINDOWS /utf-8 /MP "
      CMAKE_C_FLAGS_DEBUG: "/MDd /Z7 /Ob0 /Od /RTC1 "
      CMAKE_EXE_LINKER_FLAGS: "/machine:x64"
      CMAKE_MODULE_PATH: "C:/Users/27118/Desktop/Imperial/abstraction-recovery/cpp/vcpkg_installed/vcpkg/blds/suitesparse-cholmod/src/v7.8.3-371eca9f9f.clean/CHOLMOD/cmake_modules;C:/Users/27118/Desktop/Imperial/abstraction-recovery/cpp/vcpkg_installed/vcpkg/blds/suitesparse-cholmod/src/v7.8.3-371eca9f9f.clean/CHOLMOD/../SuiteSparse_config/cmake_modules;C:/Users/27118/Desktop/Imperial/abstraction-recovery/cpp/vcpkg_installed/vcpkg/blds/suitesparse-cholmod/src/v7.8.3-371eca9f9f.clean/CHOLMOD/cmake_modules;C:/Users/27118/Desktop/Imperial/abstraction-recovery/cpp/vcpkg_installed/vcpkg/blds/suitesparse-cholmod/src/v7.8.3-371eca9f9f.clean/CHOLMOD/../lib/cmake;C:/Users/27118/Desktop/Imperial/abstraction-recovery/cpp/vcpkg_installed/x64-windows/share/lapack"
      CMAKE_MSVC_DEBUG_INFORMATION_FORMAT: ""
      CMAKE_MSVC_RUNTIME_LIBRARY: "MultiThreaded$<$<CONFIG:Debug>:Debug>$<$<STREQUAL:dynamic,dynamic>:DLL>"
      VCPKG_CHAINLOAD_TOOLCHAIN_FILE: "D:/VS/2022/BuildTools/VC/vcpkg/scripts/toolchains/windows.cmake"
      VCPKG_CRT_LINKAGE: "dynamic"
      VCPKG_CXX_FLAGS: ""
      VCPKG_CXX_FLAGS_DEBUG: ""
      VCPKG_CXX_FLAGS_RELEASE: ""
      VCPKG_C_FLAGS: ""
      VCPKG_C_FLAGS_DEBUG: ""
      VCPKG_C_FLAGS_RELEASE: ""
      VCPKG_INSTALLED_DIR: "C:/Users/27118/Desktop/Imperial/abstraction-recovery/cpp/vcpkg_installed"
      VCPKG_LINKER_FLAGS: ""
      VCPKG_LINKER_FLAGS_DEBUG: ""
      VCPKG_LINKER_FLAGS_RELEASE: ""
      VCPKG_PLATFORM_TOOLSET: "v143"
      VCPKG_PREFER_SYSTEM_LIBS: "OFF"
      VCPKG_SET_CHARSET_FLAG: "ON"
      VCPKG_TARGET_ARCHITECTURE: "x64"
      VCPKG_TARGET_TRIPLET: "x64-windows"
      Z_VCPKG_ROOT_DIR: "D:/VS/2022/BuildTools/VC/vcpkg"
    buildResult:
      variable: "LAPACK_WORKS"
      cached: true
      stdout: |
        Change Dir: 'C:/Users/27118/Desktop/Imperial/abstraction-recovery/cpp/vcpkg_installed/vcpkg/blds/suitesparse-cholmod/x64-windows-dbg/CMakeFiles/CMakeScratch/TryCompile-wyjbwx'
        
        Run Build Command(s): D:/VS/2022/BuildTools/Common7/IDE/CommonExtensions/Microsoft/CMake/Ninja/ninja.exe -v cmTC_a7168
        [1/2] D:\\VS\\2022\\BuildTools\\VC\\Tools\\MSVC\\14.44.35207\\bin\\Hostx64\\x64\\cl.exe  /nologo   /nologo /DWIN32 /D_WINDOWS /utf-8 /MP  -DCHECK_FUNCTION_EXISTS=cheev_ /MDd /Z7 /Ob0 /Od /RTC1  -MDd /showIncludes /FoCMakeFiles\\cmTC_a7168.dir\\CheckFunctionExists.c.obj /FdCMakeFiles\\cmTC_a7168.dir\\ /FS -c C:\\Users\\27118\\Desktop\\Imperial\\abstraction-recovery\\cpp\\vcpkg_installed\\vcpkg\\blds\\suitesparse-cholmod\\x64-windows-dbg\\CMakeFiles\\CMakeScratch\\TryCompile-wyjbwx\\CheckFunctionExists.c
        [2/2] C:\\WINDOWS\\system32\\cmd.exe /C "cd . && C:\\Users\\27118\\AppData\\Local\\vcpkg\\downloads\\tools\\cmake-3.30.1-windows\\cmake-3.30.1-windows-i386\\bin\\cmake.exe -E vs_link_exe --intdir=CMakeFiles\\cmTC_a7168.dir --rc=C:\\PROGRA~2\\WI3CF2~1\\10\\bin\\100261~1.0\\x64\\rc.exe --mt=C:\\PROGRA~2\\WI3CF2~1\\10\\bin\\100261~1.0\\x64\\mt.exe --manifests  -- D:\\VS\\2022\\BuildTools\\VC\\Tools\\MSVC\\14.44.35207\\bin\\Hostx64\\x64\\link.exe /nologo CMakeFiles\\cmTC_a7168.dir\\CheckFunctionExists.c.obj  /out:cmTC_a7168.exe /implib:cmTC_a7168.lib /pdb:cmTC_a7168.pdb /version:0.0 /machine:x64  /nologo    /debug /INCREMENTAL /subsystem:console  C:\\Users\\27118\\Desktop\\Imperial\\abstraction-recovery\\cpp\\vcpkg_installed\\x64-windows\\debug\\lib\\openblas.lib  kernel32.lib user32.lib gdi32.lib winspool.lib shell32.lib ole32.lib oleaut32.lib uuid.lib comdlg32.lib advapi32.lib && cd ."
        FAILED: cmTC_a7168.exe 
        C:\\WINDOWS\\system32\\cmd.exe /C "cd . && C:\\Users\\27118\\AppData\\Local\\vcpkg\\downloads\\tools\\cmake-3.30.1-windows\\cmake-3.30.1-windows-i386\\bin\\cmake.exe -E vs_link_exe --intdir=CMakeFiles\\cmTC_a7168.dir --rc=C:\\PROGRA~2\\WI3CF2~1\\10\\bin\\100261~1.0\\x64\\rc.exe --mt=C:\\PROGRA~2\\WI3CF2~1\\10\\bin\\100261~1.0\\x64\\mt.exe --manifests  -- D:\\VS\\2022\\BuildTools\\VC\\Tools\\MSVC\\14.44.35207\\bin\\Hostx64\\x64\\link.exe /nologo CMakeFiles\\cmTC_a7168.dir\\CheckFunctionExists.c.obj  /out:cmTC_a7168.exe /implib:cmTC_a7168.lib /pdb:cmTC_a7168.pdb /version:0.0 /machine:x64  /nologo    /debug /INCREMENTAL /subsystem:console  C:\\Users\\27118\\Desktop\\Imperial\\abstraction-recovery\\cpp\\vcpkg_installed\\x64-windows\\debug\\lib\\openblas.lib  kernel32.lib user32.lib gdi32.lib winspool.lib shell32.lib ole32.lib oleaut32.lib uuid.lib comdlg32.lib advapi32.lib && cd ."
        LINK Pass 1: command "D:\\VS\\2022\\BuildTools\\VC\\Tools\\MSVC\\14.44.35207\\bin\\Hostx64\\x64\\link.exe /nologo CMakeFiles\\cmTC_a7168.dir\\CheckFunctionExists.c.obj /out:cmTC_a7168.exe /implib:cmTC_a7168.lib /pdb:cmTC_a7168.pdb /version:0.0 /machine:x64 /nologo /debug /INCREMENTAL /subsystem:console C:\\Users\\27118\\Desktop\\Imperial\\abstraction-recovery\\cpp\\vcpkg_installed\\x64-windows\\debug\\lib\\openblas.lib kernel32.lib user32.lib gdi32.lib winspool.lib shell32.lib ole32.lib oleaut32.lib uuid.lib comdlg32.lib advapi32.lib /MANIFEST /MANIFESTFILE:CMakeFiles\\cmTC_a7168.dir/intermediate.manifest CMakeFiles\\cmTC_a7168.dir/manifest.res" failed (exit code 1120) with the following output:
        CheckFunctionExists.c.obj : error LNK2019: unresolved external symbol cheev_ referenced in function main\x0d
        cmTC_a7168.exe : fatal error LNK1120: 1 unresolved externals\x0d
        ninja: build stopped: subcommand failed.
        
      exitCode: 1
  -
    kind: "try_compile-v1"
    backtrace:
      - "C:/Users/27118/AppData/Local/vcpkg/downloads/tools/cmake-3.30.1-windows/cmake-3.30.1-windows-i386/share/cmake-3.30/Modules/CheckFunctionExists.cmake:86 (try_compile)"
      - "C:/Users/27118/Desktop/Imperial/abstraction-recovery/cpp/vcpkg_installed/x64-windows/share/lapack/FindLAPACK.cmake:176 (check_function_exists)"
      - "C:/Users/27118/Desktop/Imperial/abstraction-recovery/cpp/vcpkg_installed/x64-windows/share/lapack/FindLAPACK.cmake:350 (check_lapack_libraries)"
      - "C:/Users/27118/Desktop/Imperial/abstraction-recovery/cpp/vcpkg_installed/x64-windows/share/lapack/vcpkg-cmake-wrapper.cmake:19 (_find_package)"
      - "D:/VS/2022/BuildTools/VC/vcpkg/scripts/buildsystems/vcpkg.cmake:850 (include)"
      - "C:/Users/27118/Desktop/Imperial/abstraction-recovery/cpp/vcpkg_installed/vcpkg/blds/suitesparse-cholmod/src/v7.8.3-371eca9f9f.clean/SuiteSparse_config/cmake_modules/SuiteSparseLAPACK.cmake:73 (find_package)"
      - "CMakeLists.txt:298 (include)"
    checks:
      - "Looking for cheev_"
    directories:
      source: "C:/Users/27118/Desktop/Imperial/abstraction-recovery/cpp/vcpkg_installed/vcpkg/blds/suitesparse-cholmod/x64-windows-dbg/CMakeFiles/CMakeScratch/TryCompile-uhm3eu"
      binary: "C:/Users/27118/Desktop/Imperial/abstraction-recovery/cpp/vcpkg_installed/vcpkg/blds/suitesparse-cholmod/x64-windows-dbg/CMakeFiles/CMakeScratch/TryCompile-uhm3eu"
    cmakeVariables:
      CMAKE_C_FLAGS: " /nologo /DWIN32 /D_WINDOWS /utf-8 /MP "
      CMAKE_C_FLAGS_DEBUG: "/MDd /Z7 /Ob0 /Od /RTC1 "
      CMAKE_EXE_LINKER_FLAGS: "/machine:x64"
      CMAKE_MODULE_PATH: "C:/Users/27118/Desktop/Imperial/abstraction-recovery/cpp/vcpkg_installed/vcpkg/blds/suitesparse-cholmod/src/v7.8.3-371eca9f9f.clean/CHOLMOD/cmake_modules;C:/Users/27118/Desktop/Imperial/abstraction-recovery/cpp/vcpkg_installed/vcpkg/blds/suitesparse-cholmod/src/v7.8.3-371eca9f9f.clean/CHOLMOD/../SuiteSparse_config/cmake_modules;C:/Users/27118/Desktop/Imperial/abstraction-recovery/cpp/vcpkg_installed/vcpkg/blds/suitesparse-cholmod/src/v7.8.3-371eca9f9f.clean/CHOLMOD/cmake_modules;C:/Users/27118/Desktop/Imperial/abstraction-recovery/cpp/vcpkg_installed/vcpkg/blds/suitesparse-cholmod/src/v7.8.3-371eca9f9f.clean/CHOLMOD/../lib/cmake;C:/Users/27118/Desktop/Imperial/abstraction-recovery/cpp/vcpkg_installed/x64-windows/share/lapack"
      CMAKE_MSVC_DEBUG_INFORMATION_FORMAT: ""
      CMAKE_MSVC_RUNTIME_LIBRARY: "MultiThreaded$<$<CONFIG:Debug>:Debug>$<$<STREQUAL:dynamic,dynamic>:DLL>"
      VCPKG_CHAINLOAD_TOOLCHAIN_FILE: "D:/VS/2022/BuildTools/VC/vcpkg/scripts/toolchains/windows.cmake"
      VCPKG_CRT_LINKAGE: "dynamic"
      VCPKG_CXX_FLAGS: ""
      VCPKG_CXX_FLAGS_DEBUG: ""
      VCPKG_CXX_FLAGS_RELEASE: ""
      VCPKG_C_FLAGS: ""
      VCPKG_C_FLAGS_DEBUG: ""
      VCPKG_C_FLAGS_RELEASE: ""
      VCPKG_INSTALLED_DIR: "C:/Users/27118/Desktop/Imperial/abstraction-recovery/cpp/vcpkg_installed"
      VCPKG_LINKER_FLAGS: ""
      VCPKG_LINKER_FLAGS_DEBUG: ""
      VCPKG_LINKER_FLAGS_RELEASE: ""
      VCPKG_PLATFORM_TOOLSET: "v143"
      VCPKG_PREFER_SYSTEM_LIBS: "OFF"
      VCPKG_SET_CHARSET_FLAG: "ON"
      VCPKG_TARGET_ARCHITECTURE: "x64"
      VCPKG_TARGET_TRIPLET: "x64-windows"
      Z_VCPKG_ROOT_DIR: "D:/VS/2022/BuildTools/VC/vcpkg"
    buildResult:
      variable: "LAPACK_openblas_WORKS"
      cached: true
      stdout: |
        Change Dir: 'C:/Users/27118/Desktop/Imperial/abstraction-recovery/cpp/vcpkg_installed/vcpkg/blds/suitesparse-cholmod/x64-windows-dbg/CMakeFiles/CMakeScratch/TryCompile-uhm3eu'
        
        Run Build Command(s): D:/VS/2022/BuildTools/Common7/IDE/CommonExtensions/Microsoft/CMake/Ninja/ninja.exe -v cmTC_b97d1
        [1/2] D:\\VS\\2022\\BuildTools\\VC\\Tools\\MSVC\\14.44.35207\\bin\\Hostx64\\x64\\cl.exe  /nologo   /nologo /DWIN32 /D_WINDOWS /utf-8 /MP  -DCHECK_FUNCTION_EXISTS=cheev_ /MDd /Z7 /Ob0 /Od /RTC1  -MDd /showIncludes /FoCMakeFiles\\cmTC_b97d1.dir\\CheckFunctionExists.c.obj /FdCMakeFiles\\cmTC_b97d1.dir\\ /FS -c C:\\Users\\27118\\Desktop\\Imperial\\abstraction-recovery\\cpp\\vcpkg_installed\\vcpkg\\blds\\suitesparse-cholmod\\x64-windows-dbg\\CMakeFiles\\CMakeScratch\\TryCompile-uhm3eu\\CheckFunctionExists.c
        [2/2] C:\\WINDOWS\\system32\\cmd.exe /C "cd . && C:\\Users\\27118\\AppData\\Local\\vcpkg\\downloads\\tools\\cmake-3.30.1-windows\\cmake-3.30.1-windows-i386\\bin\\cmake.exe -E vs_link_exe --intdir=CMakeFiles\\cmTC_b97d1.dir --rc=C:\\PROGRA~2\\WI3CF2~1\\10\\bin\\100261~1.0\\x64\\rc.exe --mt=C:\\PROGRA~2\\WI3CF2~1\\10\\bin\\100261~1.0\\x64\\mt.exe --manifests  -- D:\\VS\\2022\\BuildTools\\VC\\Tools\\MSVC\\14.44.35207\\bin\\Hostx64\\x64\\link.exe /nologo CMakeFiles\\cmTC_b97d1.dir\\CheckFunctionExists.c.obj  /out:cmTC_b97d1.exe /implib:cmTC_b97d1.lib /pdb:cmTC_b97d1.pdb /version:0.0 /machine:x64  /nologo    /debug /INCREMENTAL /subsystem:console  C:\\Users\\27118\\Desktop\\Imperial\\abstraction-recovery\\cpp\\vcpkg_installed\\x64-windows\\debug\\lib\\openblas.lib  kernel32.lib user32.lib gdi32.lib winspool.lib shell32.lib ole32.lib oleaut32.lib uuid.lib comdlg32.lib advapi32.lib && cd ."
        FAILED: cmTC_b97d1.exe 
        C:\\WINDOWS\\system32\\cmd.exe /C "cd . && C:\\Users\\27118\\AppData\\Local\\vcpkg\\downloads\\tools\\cmake-3.30.1-windows\\cmake-3.30.1-windows-i386\\bin\\cmake.exe -E vs_link_exe --intdir=CMakeFiles\\cmTC_b97d1.dir --rc=C:\\PROGRA~2\\WI3CF2~1\\10\\bin\\100261~1.0\\x64\\rc.exe --mt=C:\\PROGRA~2\\WI3CF2~1\\10\\bin\\100261~1.0\\x64\\mt.exe --manifests  -- D:\\VS\\2022\\BuildTools\\VC\\Tools\\MSVC\\14.44.35207\\bin\\Hostx64\\x64\\link.exe /nologo CMakeFiles\\cmTC_b97d1.dir\\CheckFunctionExists.c.obj  /out:cmTC_b97d1.exe /implib:cmTC_b97d1.lib /pdb:cmTC_b97d1.pdb /version:0.0 /machine:x64  /nologo    /debug /INCREMENTAL /subsystem:console  C:\\Users\\27118\\Desktop\\Imperial\\abstraction-recovery\\cpp\\vcpkg_installed\\x64-windows\\debug\\lib\\openblas.lib  kernel32.lib user32.lib gdi32.lib winspool.lib shell32.lib ole32.lib oleaut32.lib uuid.lib comdlg32.lib advapi32.lib && cd ."
        LINK Pass 1: command "D:\\VS\\2022\\BuildTools\\VC\\Tools\\MSVC\\14.44.35207\\bin\\Hostx64\\x64\\link.exe /nologo CMakeFiles\\cmTC_b97d1.dir\\CheckFunctionExists.c.obj /out:cmTC_b97d1.exe /implib:cmTC_b97d1.lib /pdb:cmTC_b97d1.pdb /version:0.0 /machine:x64 /nologo /debug /INCREMENTAL /subsystem:console C:\\Users\\27118\\Desktop\\Imperial\\abstraction-recovery\\cpp\\vcpkg_installed\\x64-windows\\debug\\lib\\openblas.lib kernel32.lib user32.lib gdi32.lib winspool.lib shell32.lib ole32.lib oleaut32.lib uuid.lib comdlg32.lib advapi32.lib /MANIFEST /MANIFESTFILE:CMakeFiles\\cmTC_b97d1.dir/intermediate.manifest CMakeFiles\\cmTC_b97d1.dir/manifest.res" failed (exit code 1120) with the following output:
        CheckFunctionExists.c.obj : error LNK2019: unresolved external symbol cheev_ referenced in function main\x0d
        cmTC_b97d1.exe : fatal error LNK1120: 1 unresolved externals\x0d
        ninja: build stopped: subcommand failed.
        
      exitCode: 1
  -
    kind: "try_compile-v1"
    backtrace:
      - "C:/Users/27118/AppData/Local/vcpkg/downloads/tools/cmake-3.30.1-windows/cmake-3.30.1-windows-i386/share/cmake-3.30/Modules/CheckFunctionExists.cmake:86 (try_compile)"
      - "C:/Users/27118/Desktop/Imperial/abstraction-recovery/cpp/vcpkg_installed/x64-windows/share/lapack/FindLAPACK.cmake:176 (check_function_exists)"
      - "C:/Users/27118/Desktop/Imperial/abstraction-recovery/cpp/vcpkg_installed/x64-windows/share/lapack/FindLAPACK.cmake:457 (check_lapack_libraries)"
      - "C:/Users/27118/Desktop/Imperial/abstraction-recovery/cpp/vcpkg_installed/x64-windows/share/lapack/vcpkg-cmake-wrapper.cmake:19 (_find_package)"
      - "D:/VS/2022/BuildTools/VC/vcpkg/scripts/buildsystems/vcpkg.cmake:850 (include)"
      - "C:/Users/27118/Desktop/Imperial/abstraction-recovery/cpp/vcpkg_installed/vcpkg/blds/suitesparse-cholmod/src/v7.8.3-371eca9f9f.clean/SuiteSparse_config/cmake_modules/SuiteSparseLAPACK.cmake:73 (find_package)"
      - "CMakeLists.txt:298 (include)"
    checks:
      - "Looking for cheev_"
    directories:
      source: "C:/Users/27118/Desktop/Imperial/abstraction-recovery/cpp/vcpkg_installed/vcpkg/blds/suitesparse-cholmod/x64-windows-dbg/CMakeFiles/CMakeScratch/TryCompile-iidt5u"
      binary: "C:/Users/27118/Desktop/Imperial/abstraction-recovery/cpp/vcpkg_installed/vcpkg/blds/suitesparse-cholmod/x64-windows-dbg/CMakeFiles/CMakeScratch/TryCompile-iidt5u"
    cmakeVariables:
      CMAKE_C_FLAGS: " /nologo /DWIN32 /D_WINDOWS /utf-8 /MP "
      CMAKE_C_FLAGS_DEBUG: "/MDd /Z7 /Ob0 /Od /RTC1 "
      CMAKE_EXE_LINKER_FLAGS: "/machine:x64"
      CMAKE_MODULE_PATH: "C:/Users/27118/Desktop/Imperial/abstraction-recovery/cpp/vcpkg_installed/vcpkg/blds/suitesparse-cholmod/src/v7.8.3-371eca9f9f.clean/CHOLMOD/cmake_modules;C:/Users/27118/Desktop/Imperial/abstraction-recovery/cpp/vcpkg_installed/vcpkg/blds/suitesparse-cholmod/src/v7.8.3-371eca9f9f.clean/CHOLMOD/../SuiteSparse_config/cmake_modules;C:/Users/27118/Desktop/Imperial/abstraction-recovery/cpp/vcpkg_installed/vcpkg/blds/suitesparse-cholmod/src/v7.8.3-371eca9f9f.clean/CHOLMOD/cmake_modules;C:/Users/27118/Desktop/Imperial/abstraction-recovery/cpp/vcpkg_installed/vcpkg/blds/suitesparse-cholmod/src/v7.8.3-371eca9f9f.clean/CHOLMOD/../lib/cmake;C:/Users/27118/Desktop/Imperial/abstraction-recovery/cpp/vcpkg_installed/x64-windows/share/lapack"
      CMAKE_MSVC_DEBUG_INFORMATION_FORMAT: ""
      CMAKE_MSVC_RUNTIME_LIBRARY: "MultiThreaded$<$<CONFIG:Debug>:Debug>$<$<STREQUAL:dynamic,dynamic>:DLL>"
      VCPKG_CHAINLOAD_TOOLCHAIN_FILE: "D:/VS/2022/BuildTools/VC/vcpkg/scripts/toolchains/windows.cmake"
      VCPKG_CRT_LINKAGE: "dynamic"
      VCPKG_CXX_FLAGS: ""
      VCPKG_CXX_FLAGS_DEBUG: ""
      VCPKG_CXX_FLAGS_RELEASE: ""
      VCPKG_C_FLAGS: ""
      VCPKG_C_FLAGS_DEBUG: ""
      VCPKG_C_FLAGS_RELEASE: ""
      VCPKG_INSTALLED_DIR: "C:/Users/27118/Desktop/Imperial/abstraction-recovery/cpp/vcpkg_installed"
      VCPKG_LINKER_FLAGS: ""
      VCPKG_LINKER_FLAGS_DEBUG: ""
      VCPKG_LINKER_FLAGS_RELEASE: ""
      VCPKG_PLATFORM_TOOLSET: "v143"
      VCPKG_PREFER_SYSTEM_LIBS: "OFF"
      VCPKG_SET_CHARSET_FLAG: "ON"
      VCPKG_TARGET_ARCHITECTURE: "x64"
      VCPKG_TARGET_TRIPLET: "x64-windows"
      Z_VCPKG_ROOT_DIR: "D:/VS/2022/BuildTools/VC/vcpkg"
    buildResult:
      variable: "LAPACK_lapack_WORKS"
      cached: true
      stdout: |
        Change Dir: 'C:/Users/27118/Desktop/Imperial/abstraction-recovery/cpp/vcpkg_installed/vcpkg/blds/suitesparse-cholmod/x64-windows-dbg/CMakeFiles/CMakeScratch/TryCompile-iidt5u'
        
        Run Build Command(s): D:/VS/2022/BuildTools/Common7/IDE/CommonExtensions/Microsoft/CMake/Ninja/ninja.exe -v cmTC_f6096
        [1/2] D:\\VS\\2022\\BuildTools\\VC\\Tools\\MSVC\\14.44.35207\\bin\\Hostx64\\x64\\cl.exe  /nologo   /nologo /DWIN32 /D_WINDOWS /utf-8 /MP  -DCHECK_FUNCTION_EXISTS=cheev_ /MDd /Z7 /Ob0 /Od /RTC1  -MDd /showIncludes /FoCMakeFiles\\cmTC_f6096.dir\\CheckFunctionExists.c.obj /FdCMakeFiles\\cmTC_f6096.dir\\ /FS -c C:\\Users\\27118\\Desktop\\Imperial\\abstraction-recovery\\cpp\\vcpkg_installed\\vcpkg\\blds\\suitesparse-cholmod\\x64-windows-dbg\\CMakeFiles\\CMakeScratch\\TryCompile-iidt5u\\CheckFunctionExists.c
        [2/2] C:\\WINDOWS\\system32\\cmd.exe /C "cd . && C:\\Users\\27118\\AppData\\Local\\vcpkg\\downloads\\tools\\cmake-3.30.1-windows\\cmake-3.30.1-windows-i386\\bin\\cmake.exe -E vs_link_exe --intdir=CMakeFiles\\cmTC_f6096.dir --rc=C:\\PROGRA~2\\WI3CF2~1\\10\\bin\\100261~1.0\\x64\\rc.exe --mt=C:\\PROGRA~2\\WI3CF2~1\\10\\bin\\100261~1.0\\x64\\mt.exe --manifests  -- D:\\VS\\2022\\BuildTools\\VC\\Tools\\MSVC\\14.44.35207\\bin\\Hostx64\\x64\\link.exe /nologo CMakeFiles\\cmTC_f6096.dir\\CheckFunctionExists.c.obj  /out:cmTC_f6096.exe /implib:cmTC_f6096.lib /pdb:cmTC_f6096.pdb /version:0.0 /machine:x64  /nologo    /debug /INCREMENTAL /subsystem:console  C:\\Users\\27118\\Desktop\\Imperial\\abstraction-recovery\\cpp\\vcpkg_installed\\x64-windows\\debug\\lib\\lapack.lib  C:\\Users\\27118\\Desktop\\Imperial\\abstraction-recovery\\cpp\\vcpkg_installed\\x64-windows\\debug\\lib\\openblas.lib  kernel32.lib user32.lib gdi32.lib winspool.lib shell32.lib ole32.lib oleaut32.lib uuid.lib comdlg32.lib advapi32.lib && cd ."
        
      exitCode: 0
  -
    kind: "try_compile-v1"
    backtrace:
      - "C:/Users/27118/AppData/Local/vcpkg/downloads/tools/cmake-3.30.1-windows/cmake-3.30.1-windows-i386/share/cmake-3.30/Modules/Internal/CheckSourceCompiles.cmake:101 (try_compile)"
      - "C:/Users/27118/AppData/Local/vcpkg/downloads/tools/cmake-3.30.1-windows/cmake-3.30.1-windows-i386/share/cmake-3.30/Modules/CheckCSourceCompiles.cmake:52 (cmake_check_source_compiles)"
      - "C:/Users/27118/Desktop/Imperial/abstraction-recovery/cpp/vcpkg_installed/vcpkg/blds/suitesparse-cholmod/src/v7.8.3-371eca9f9f.clean/SuiteSparse_config/cmake_modules/SuiteSparse__thread.cmake:46 (check_c_source_compiles)"
      - "CMakeLists.txt:522 (include)"
    checks:
      - "Performing Test HAVE_KEYWORD__DECLSPEC_THREAD"
    directories:
      source: "C:/Users/27118/Desktop/Imperial/abstraction-recovery/cpp/vcpkg_installed/vcpkg/blds/suitesparse-cholmod/x64-windows-dbg/CMakeFiles/CMakeScratch/TryCompile-5l7s4d"
      binary: "C:/Users/27118/Desktop/Imperial/abstraction-recovery/cpp/vcpkg_installed/vcpkg/blds/suitesparse-cholmod/x64-windows-dbg/CMakeFiles/CMakeScratch/TryCompile-5l7s4d"
    cmakeVariables:
      CMAKE_C_FLAGS: " /nologo /DWIN32 /D_WINDOWS /utf-8 /MP "
      CMAKE_C_FLAGS_DEBUG: "/MDd /Z7 /Ob0 /Od /RTC1 "
      CMAKE_EXE_LINKER_FLAGS: "/machine:x64"
      CMAKE_MODULE_PATH: "C:/Users/27118/Desktop/Imperial/abstraction-recovery/cpp/vcpkg_installed/vcpkg/blds/suitesparse-cholmod/src/v7.8.3-371eca9f9f.clean/CHOLMOD/cmake_modules;C:/Users/27118/Desktop/Imperial/abstraction-recovery/cpp/vcpkg_installed/vcpkg/blds/suitesparse-cholmod/src/v7.8.3-371eca9f9f.clean/CHOLMOD/../SuiteSparse_config/cmake_modules;C:/Users/27118/Desktop/Imperial/abstraction-recovery/cpp/vcpkg_installed/vcpkg/blds/suitesparse-cholmod/src/v7.8.3-371eca9f9f.clean/CHOLMOD/cmake_modules;C:/Users/27118/Desktop/Imperial/abstraction-recovery/cpp/vcpkg_installed/vcpkg/blds/suitesparse-cholmod/src/v7.8.3-371eca9f9f.clean/CHOLMOD/../lib/cmake"
      CMAKE_MSVC_DEBUG_INFORMATION_FORMAT: ""
      CMAKE_MSVC_RUNTIME_LIBRARY: "MultiThreaded$<$<CONFIG:Debug>:Debug>$<$<STREQUAL:dynamic,dynamic>:DLL>"
      VCPKG_CHAINLOAD_TOOLCHAIN_FILE: "D:/VS/2022/BuildTools/VC/vcpkg/scripts/toolchains/windows.cmake"
      VCPKG_CRT_LINKAGE: "dynamic"
      VCPKG_CXX_FLAGS: ""
      VCPKG_CXX_FLAGS_DEBUG: ""
      VCPKG_CXX_FLAGS_RELEASE: ""
      VCPKG_C_FLAGS: ""
      VCPKG_C_FLAGS_DEBUG: ""
      VCPKG_C_FLAGS_RELEASE: ""
      VCPKG_INSTALLED_DIR: "C:/Users/27118/Desktop/Imperial/abstraction-recovery/cpp/vcpkg_installed"
      VCPKG_LINKER_FLAGS: ""
      VCPKG_LINKER_FLAGS_DEBUG: ""
      VCPKG_LINKER_FLAGS_RELEASE: ""
      VCPKG_PLATFORM_TOOLSET: "v143"
      VCPKG_PREFER_SYSTEM_LIBS: "OFF"
      VCPKG_SET_CHARSET_FLAG: "ON"
      VCPKG_TARGET_ARCHITECTURE: "x64"
      VCPKG_TARGET_TRIPLET: "x64-windows"
      Z_VCPKG_ROOT_DIR: "D:/VS/2022/BuildTools/VC/vcpkg"
    buildResult:
      variable: "HAVE_KEYWORD__DECLSPEC_THREAD"
      cached: true
      stdout: |
        Change Dir: 'C:/Users/27118/Desktop/Imperial/abstraction-recovery/cpp/vcpkg_installed/vcpkg/blds/suitesparse-cholmod/x64-windows-dbg/CMakeFiles/CMakeScratch/TryCompile-5l7s4d'
        
        Run Build Command(s): D:/VS/2022/BuildTools/Common7/IDE/CommonExtensions/Microsoft/CMake/Ninja/ninja.exe -v cmTC_2ee2c
        [1/2] D:\\VS\\2022\\BuildTools\\VC\\Tools\\MSVC\\14.44.35207\\bin\\Hostx64\\x64\\cl.exe  /nologo -DHAVE_KEYWORD__DECLSPEC_THREAD  /nologo /DWIN32 /D_WINDOWS /utf-8 /MP   /MDd /Z7 /Ob0 /Od /RTC1  -MDd /showIncludes /FoCMakeFiles\\cmTC_2ee2c.dir\\src.c.obj /FdCMakeFiles\\cmTC_2ee2c.dir\\ /FS -c C:\\Users\\27118\\Desktop\\Imperial\\abstraction-recovery\\cpp\\vcpkg_installed\\vcpkg\\blds\\suitesparse-cholmod\\x64-windows-dbg\\CMakeFiles\\CMakeScratch\\TryCompile-5l7s4d\\src.c
        [2/2] C:\\WINDOWS\\system32\\cmd.exe /C "cd . && C:\\Users\\27118\\AppData\\Local\\vcpkg\\downloads\\tools\\cmake-3.30.1-windows\\cmake-3.30.1-windows-i386\\bin\\cmake.exe -E vs_link_exe --intdir=CMakeFiles\\cmTC_2ee2c.dir --rc=C:\\PROGRA~2\\WI3CF2~1\\10\\bin\\100261~1.0\\x64\\rc.exe --mt=C:\\PROGRA~2\\WI3CF2~1\\10\\bin\\100261~1.0\\x64\\mt.exe --manifests  -- D:\\VS\\2022\\BuildTools\\VC\\Tools\\MSVC\\14.44.35207\\bin\\Hostx64\\x64\\link.exe /nologo CMakeFiles\\cmTC_2ee2c.dir\\src.c.obj  /out:cmTC_2ee2c.exe /implib:cmTC_2ee2c.lib /pdb:cmTC_2ee2c.pdb /version:0.0 /machine:x64  /nologo    /debug /INCREMENTAL /subsystem:console  kernel32.lib user32.lib gdi32.lib winspool.lib shell32.lib ole32.lib oleaut32.lib uuid.lib comdlg32.lib advapi32.lib && cd ."
        
      exitCode: 0
  -
    kind: "try_compile-v1"
    backtrace:
      - "C:/Users/27118/AppData/Local/vcpkg/downloads/tools/cmake-3.30.1-windows/cmake-3.30.1-windows-i386/share/cmake-3.30/Modules/Internal/CheckSourceCompiles.cmake:101 (try_compile)"
      - "C:/Users/27118/AppData/Local/vcpkg/downloads/tools/cmake-3.30.1-windows/cmake-3.30.1-windows-i386/share/cmake-3.30/Modules/CheckCSourceCompiles.cmake:52 (cmake_check_source_compiles)"
      - "C:/Users/27118/Desktop/Imperial/abstraction-recovery/cpp/vcpkg_installed/vcpkg/blds/suitesparse-cholmod/src/v7.8.3-371eca9f9f.clean/SuiteSparse_config/cmake_modules/SuiteSparse__thread.cmake:48 (check_c_source_compiles)"
      - "CMakeLists.txt:522 (include)"
    checks:
      - "Performing Test HAVE_KEYWORD__THREAD"
    directories:
      source: "C:/Users/27118/Desktop/Imperial/abstraction-recovery/cpp/vcpkg_installed/vcpkg/blds/suitesparse-cholmod/x64-windows-dbg/CMakeFiles/CMakeScratch/TryCompile-v5ep3i"
      binary: "C:/Users/27118/Desktop/Imperial/abstraction-recovery/cpp/vcpkg_installed/vcpkg/blds/suitesparse-cholmod/x64-windows-dbg/CMakeFiles/CMakeScratch/TryCompile-v5ep3i"
    cmakeVariables:
      CMAKE_C_FLAGS: " /nologo /DWIN32 /D_WINDOWS /utf-8 /MP "
      CMAKE_C_FLAGS_DEBUG: "/MDd /Z7 /Ob0 /Od /RTC1 "
      CMAKE_EXE_LINKER_FLAGS: "/machine:x64"
      CMAKE_MODULE_PATH: "C:/Users/27118/Desktop/Imperial/abstraction-recovery/cpp/vcpkg_installed/vcpkg/blds/suitesparse-cholmod/src/v7.8.3-371eca9f9f.clean/CHOLMOD/cmake_modules;C:/Users/27118/Desktop/Imperial/abstraction-recovery/cpp/vcpkg_installed/vcpkg/blds/suitesparse-cholmod/src/v7.8.3-371eca9f9f.clean/CHOLMOD/../SuiteSparse_config/cmake_modules;C:/Users/27118/Desktop/Imperial/abstraction-recovery/cpp/vcpkg_installed/vcpkg/blds/suitesparse-cholmod/src/v7.8.3-371eca9f9f.clean/CHOLMOD/cmake_modules;C:/Users/27118/Desktop/Imperial/abstraction-recovery/cpp/vcpkg_installed/vcpkg/blds/suitesparse-cholmod/src/v7.8.3-371eca9f9f.clean/CHOLMOD/../lib/cmake"
      CMAKE_MSVC_DEBUG_INFORMATION_FORMAT: ""
      CMAKE_MSVC_RUNTIME_LIBRARY: "MultiThreaded$<$<CONFIG:Debug>:Debug>$<$<STREQUAL:dynamic,dynamic>:DLL>"
      VCPKG_CHAINLOAD_TOOLCHAIN_FILE: "D:/VS/2022/BuildTools/VC/vcpkg/scripts/toolchains/windows.cmake"
      VCPKG_CRT_LINKAGE: "dynamic"
      VCPKG_CXX_FLAGS: ""
      VCPKG_CXX_FLAGS_DEBUG: ""
      VCPKG_CXX_FLAGS_RELEASE: ""
      VCPKG_C_FLAGS: ""
      VCPKG_C_FLAGS_DEBUG: ""
      VCPKG_C_FLAGS_RELEASE: ""
      VCPKG_INSTALLED_DIR: "C:/Users/27118/Desktop/Imperial/abstraction-recovery/cpp/vcpkg_installed"
      VCPKG_LINKER_FLAGS: ""
      VCPKG_LINKER_FLAGS_DEBUG: ""
      VCPKG_LINKER_FLAGS_RELEASE: ""
      VCPKG_PLATFORM_TOOLSET: "v143"
      VCPKG_PREFER_SYSTEM_LIBS: "OFF"
      VCPKG_SET_CHARSET_FLAG: "ON"
      VCPKG_TARGET_ARCHITECTURE: "x64"
      VCPKG_TARGET_TRIPLET: "x64-windows"
      Z_VCPKG_ROOT_DIR: "D:/VS/2022/BuildTools/VC/vcpkg"
    buildResult:
      variable: "HAVE_KEYWORD__THREAD"
      cached: true
      stdout: |
        Change Dir: 'C:/Users/27118/Desktop/Imperial/abstraction-recovery/cpp/vcpkg_installed/vcpkg/blds/suitesparse-cholmod/x64-windows-dbg/CMakeFiles/CMakeScratch/TryCompile-v5ep3i'
        
        Run Build Command(s): D:/VS/2022/BuildTools/Common7/IDE/CommonExtensions/Microsoft/CMake/Ninja/ninja.exe -v cmTC_74ac7
        [1/2] D:\\VS\\2022\\BuildTools\\VC\\Tools\\MSVC\\14.44.35207\\bin\\Hostx64\\x64\\cl.exe  /nologo -DHAVE_KEYWORD__THREAD  /nologo /DWIN32 /D_WINDOWS /utf-8 /MP   /MDd /Z7 /Ob0 /Od /RTC1  -MDd /showIncludes /FoCMakeFiles\\cmTC_74ac7.dir\\src.c.obj /FdCMakeFiles\\cmTC_74ac7.dir\\ /FS -c C:\\Users\\27118\\Desktop\\Imperial\\abstraction-recovery\\cpp\\vcpkg_installed\\vcpkg\\blds\\suitesparse-cholmod\\x64-windows-dbg\\CMakeFiles\\CMakeScratch\\TryCompile-v5ep3i\\src.c
        FAILED: CMakeFiles/cmTC_74ac7.dir/src.c.obj 
        D:\\VS\\2022\\BuildTools\\VC\\Tools\\MSVC\\14.44.35207\\bin\\Hostx64\\x64\\cl.exe  /nologo -DHAVE_KEYWORD__THREAD  /nologo /DWIN32 /D_WINDOWS /utf-8 /MP   /MDd /Z7 /Ob0 /Od /RTC1  -MDd /showIncludes /FoCMakeFiles\\cmTC_74ac7.dir\\src.c.obj /FdCMakeFiles\\cmTC_74ac7.dir\\ /FS -c C:\\Users\\27118\\Desktop\\Imperial\\abstraction-recovery\\cpp\\vcpkg_installed\\vcpkg\\blds\\suitesparse-cholmod\\x64-windows-dbg\\CMakeFiles\\CMakeScratch\\TryCompile-v5ep3i\\src.c
        C:\\Users\\27118\\Desktop\\Imperial\\abstraction-recovery\\cpp\\vcpkg_installed\\vcpkg\\blds\\suitesparse-cholmod\\x64-windows-dbg\\CMakeFiles\\CMakeScratch\\TryCompile-v5ep3i\\src.c(2): error C2054: expected '(' to follow '__thread'
        C:\\Users\\27118\\Desktop\\Imperial\\abstraction-recovery\\cpp\\vcpkg_installed\\vcpkg\\blds\\suitesparse-cholmod\\x64-windows-dbg\\CMakeFiles\\CMakeScratch\\TryCompile-v5ep3i\\src.c(2): error C2085: 'x': not in formal parameter list
        C:\\Users\\27118\\Desktop\\Imperial\\abstraction-recovery\\cpp\\vcpkg_installed\\vcpkg\\blds\\suitesparse-cholmod\\x64-windows-dbg\\CMakeFiles\\CMakeScratch\\TryCompile-v5ep3i\\src.c(2): error C2143: syntax error: missing ';' before '='
        C:\\Users\\27118\\Desktop\\Imperial\\abstraction-recovery\\cpp\\vcpkg_installed\\vcpkg\\blds\\suitesparse-cholmod\\x64-windows-dbg\\CMakeFiles\\CMakeScratch\\TryCompile-v5ep3i\\src.c(5): error C2065: 'x': undeclared identifier
        C:\\Users\\27118\\Desktop\\Imperial\\abstraction-recovery\\cpp\\vcpkg_installed\\vcpkg\\blds\\suitesparse-cholmod\\x64-windows-dbg\\CMakeFiles\\CMakeScratch\\TryCompile-v5ep3i\\src.c(6): error C2065: 'x': undeclared identifier
        ninja: build stopped: subcommand failed.
        
      exitCode: 1
  -
    kind: "try_compile-v1"
    backtrace:
      - "C:/Users/27118/AppData/Local/vcpkg/downloads/tools/cmake-3.30.1-windows/cmake-3.30.1-windows-i386/share/cmake-3.30/Modules/Internal/CheckSourceCompiles.cmake:101 (try_compile)"
      - "C:/Users/27118/AppData/Local/vcpkg/downloads/tools/cmake-3.30.1-windows/cmake-3.30.1-windows-i386/share/cmake-3.30/Modules/CheckCSourceCompiles.cmake:52 (cmake_check_source_compiles)"
      - "C:/Users/27118/Desktop/Imperial/abstraction-recovery/cpp/vcpkg_installed/vcpkg/blds/suitesparse-cholmod/src/v7.8.3-371eca9f9f.clean/SuiteSparse_config/cmake_modules/SuiteSparse__thread.cmake:50 (check_c_source_compiles)"
      - "CMakeLists.txt:522 (include)"
    checks:
      - "Performing Test HAVE_KEYWORD__THREAD_LOCAL"
    directories:
      source: "C:/Users/27118/Desktop/Imperial/abstraction-recovery/cpp/vcpkg_installed/vcpkg/blds/suitesparse-cholmod/x64-windows-dbg/CMakeFiles/CMakeScratch/TryCompile-eu3h5p"
      binary: "C:/Users/27118/Desktop/Imperial/abstraction-recovery/cpp/vcpkg_installed/vcpkg/blds/suitesparse-cholmod/x64-windows-dbg/CMakeFiles/CMakeScratch/TryCompile-eu3h5p"
    cmakeVariables:
      CMAKE_C_FLAGS: " /nologo /DWIN32 /D_WINDOWS /utf-8 /MP "
      CMAKE_C_FLAGS_DEBUG: "/MDd /Z7 /Ob0 /Od /RTC1 "
      CMAKE_EXE_LINKER_FLAGS: "/machine:x64"
      CMAKE_MODULE_PATH: "C:/Users/27118/Desktop/Imperial/abstraction-recovery/cpp/vcpkg_installed/vcpkg/blds/suitesparse-cholmod/src/v7.8.3-371eca9f9f.clean/CHOLMOD/cmake_modules;C:/Users/27118/Desktop/Imperial/abstraction-recovery/cpp/vcpkg_installed/vcpkg/blds/suitesparse-cholmod/src/v7.8.3-371eca9f9f.clean/CHOLMOD/../SuiteSparse_config/cmake_modules;C:/Users/27118/Desktop/Imperial/abstraction-recovery/cpp/vcpkg_installed/vcpkg/blds/suitesparse-cholmod/src/v7.8.3-371eca9f9f.clean/CHOLMOD/cmake_modules;C:/Users/27118/Desktop/Imperial/abstraction-recovery/cpp/vcpkg_installed/vcpkg/blds/suitesparse-cholmod/src/v7.8.3-371eca9f9f.clean/CHOLMOD/../lib/cmake"
      CMAKE_MSVC_DEBUG_INFORMATION_FORMAT: ""
      CMAKE_MSVC_RUNTIME_LIBRARY: "MultiThreaded$<$<CONFIG:Debug>:Debug>$<$<STREQUAL:dynamic,dynamic>:DLL>"
      VCPKG_CHAINLOAD_TOOLCHAIN_FILE: "D:/VS/2022/BuildTools/VC/vcpkg/scripts/toolchains/windows.cmake"
      VCPKG_CRT_LINKAGE: "dynamic"
      VCPKG_CXX_FLAGS: ""
      VCPKG_CXX_FLAGS_DEBUG: ""
      VCPKG_CXX_FLAGS_RELEASE: ""
      VCPKG_C_FLAGS: ""
      VCPKG_C_FLAGS_DEBUG: ""
      VCPKG_C_FLAGS_RELEASE: ""
      VCPKG_INSTALLED_DIR: "C:/Users/27118/Desktop/Imperial/abstraction-recovery/cpp/vcpkg_installed"
      VCPKG_LINKER_FLAGS: ""
      VCPKG_LINKER_FLAGS_DEBUG: ""
      VCPKG_LINKER_FLAGS_RELEASE: ""
      VCPKG_PLATFORM_TOOLSET: "v143"
      VCPKG_PREFER_SYSTEM_LIBS: "OFF"
      VCPKG_SET_CHARSET_FLAG: "ON"
      VCPKG_TARGET_ARCHITECTURE: "x64"
      VCPKG_TARGET_TRIPLET: "x64-windows"
      Z_VCPKG_ROOT_DIR: "D:/VS/2022/BuildTools/VC/vcpkg"
    buildResult:
      variable: "HAVE_KEYWORD__THREAD_LOCAL"
      cached: true
      stdout: |
        Change Dir: 'C:/Users/27118/Desktop/Imperial/abstraction-recovery/cpp/vcpkg_installed/vcpkg/blds/suitesparse-cholmod/x64-windows-dbg/CMakeFiles/CMakeScratch/TryCompile-eu3h5p'
        
        Run Build Command(s): D:/VS/2022/BuildTools/Common7/IDE/CommonExtensions/Microsoft/CMake/Ninja/ninja.exe -v cmTC_19561
        [1/2] D:\\VS\\2022\\BuildTools\\VC\\Tools\\MSVC\\14.44.35207\\bin\\Hostx64\\x64\\cl.exe  /nologo -DHAVE_KEYWORD__THREAD_LOCAL  /nologo /DWIN32 /D_WINDOWS /utf-8 /MP   /MDd /Z7 /Ob0 /Od /RTC1  -MDd /showIncludes /FoCMakeFiles\\cmTC_19561.dir\\src.c.obj /FdCMakeFiles\\cmTC_19561.dir\\ /FS -c C:\\Users\\27118\\Desktop\\Imperial\\abstraction-recovery\\cpp\\vcpkg_installed\\vcpkg\\blds\\suitesparse-cholmod\\x64-windows-dbg\\CMakeFiles\\CMakeScratch\\TryCompile-eu3h5p\\src.c
        FAILED: CMakeFiles/cmTC_19561.dir/src.c.obj 
        D:\\VS\\2022\\BuildTools\\VC\\Tools\\MSVC\\14.44.35207\\bin\\Hostx64\\x64\\cl.exe  /nologo -DHAVE_KEYWORD__THREAD_LOCAL  /nologo /DWIN32 /D_WINDOWS /utf-8 /MP   /MDd /Z7 /Ob0 /Od /RTC1  -MDd /showIncludes /FoCMakeFiles\\cmTC_19561.dir\\src.c.obj /FdCMakeFiles\\cmTC_19561.dir\\ /FS -c C:\\Users\\27118\\Desktop\\Imperial\\abstraction-recovery\\cpp\\vcpkg_installed\\vcpkg\\blds\\suitesparse-cholmod\\x64-windows-dbg\\CMakeFiles\\CMakeScratch\\TryCompile-eu3h5p\\src.c
        D:\\VS\\2022\\BuildTools\\VC\\Tools\\MSVC\\14.44.35207\\include\\threads.h(101): error C2054: expected '(' to follow '_Noreturn'
        D:\\VS\\2022\\BuildTools\\VC\\Tools\\MSVC\\14.44.35207\\include\\threads.h(101): error C2085: 'thrd_exit': not in formal parameter list
        D:\\VS\\2022\\BuildTools\\VC\\Tools\\MSVC\\14.44.35207\\include\\threads.h(104): error C2085: 'thrd_join': not in formal parameter list
        D:\\VS\\2022\\BuildTools\\VC\\Tools\\MSVC\\14.44.35207\\include\\threads.h(105): error C2085: '_thrd_sleep32': not in formal parameter list
        D:\\VS\\2022\\BuildTools\\VC\\Tools\\MSVC\\14.44.35207\\include\\threads.h(107): error C2085: '_thrd_sleep64': not in formal parameter list
        D:\\VS\\2022\\BuildTools\\VC\\Tools\\MSVC\\14.44.35207\\include\\threads.h(116): error C2085: 'thrd_sleep': not in formal parameter list
        D:\\VS\\2022\\BuildTools\\VC\\Tools\\MSVC\\14.44.35207\\include\\threads.h(116): error C2143: syntax error: missing ';' before '{'
        C:\\Users\\27118\\Desktop\\Imperial\\abstraction-recovery\\cpp\\vcpkg_installed\\vcpkg\\blds\\suitesparse-cholmod\\x64-windows-dbg\\CMakeFiles\\CMakeScratch\\TryCompile-eu3h5p\\src.c(3): error C2054: expected '(' to follow '_Thread_local'
        C:\\Users\\27118\\Desktop\\Imperial\\abstraction-recovery\\cpp\\vcpkg_installed\\vcpkg\\blds\\suitesparse-cholmod\\x64-windows-dbg\\CMakeFiles\\CMakeScratch\\TryCompile-eu3h5p\\src.c(3): error C2085: 'x': not in formal parameter list
        C:\\Users\\27118\\Desktop\\Imperial\\abstraction-recovery\\cpp\\vcpkg_installed\\vcpkg\\blds\\suitesparse-cholmod\\x64-windows-dbg\\CMakeFiles\\CMakeScratch\\TryCompile-eu3h5p\\src.c(3): error C2143: syntax error: missing ';' before '='
        C:\\Users\\27118\\Desktop\\Imperial\\abstraction-recovery\\cpp\\vcpkg_installed\\vcpkg\\blds\\suitesparse-cholmod\\x64-windows-dbg\\CMakeFiles\\CMakeScratch\\TryCompile-eu3h5p\\src.c(6): error C2065: 'x': undeclared identifier
        C:\\Users\\27118\\Desktop\\Imperial\\abstraction-recovery\\cpp\\vcpkg_installed\\vcpkg\\blds\\suitesparse-cholmod\\x64-windows-dbg\\CMakeFiles\\CMakeScratch\\TryCompile-eu3h5p\\src.c(7): error C2065: 'x': undeclared identifier
        ninja: build stopped: subcommand failed.
        
      exitCode: 1
  -
    kind: "try_compile-v1"
    backtrace:
      - "C:/Users/27118/AppData/Local/vcpkg/downloads/tools/cmake-3.30.1-windows/cmake-3.30.1-windows-i386/share/cmake-3.30/Modules/CheckSymbolExists.cmake:154 (try_compile)"
      - "C:/Users/27118/AppData/Local/vcpkg/downloads/tools/cmake-3.30.1-windows/cmake-3.30.1-windows-i386/share/cmake-3.30/Modules/CheckSymbolExists.cmake:66 (__CHECK_SYMBOL_EXISTS_IMPL)"
      - "CMakeLists.txt:527 (check_symbol_exists)"
    checks:
      - "Looking for fmax"
    directories:
      source: "C:/Users/27118/Desktop/Imperial/abstraction-recovery/cpp/vcpkg_installed/vcpkg/blds/suitesparse-cholmod/x64-windows-dbg/CMakeFiles/CMakeScratch/TryCompile-91lck9"
      binary: "C:/Users/27118/Desktop/Imperial/abstraction-recovery/cpp/vcpkg_installed/vcpkg/blds/suitesparse-cholmod/x64-windows-dbg/CMakeFiles/CMakeScratch/TryCompile-91lck9"
    cmakeVariables:
      CMAKE_C_FLAGS: " /nologo /DWIN32 /D_WINDOWS /utf-8 /MP "
      CMAKE_C_FLAGS_DEBUG: "/MDd /Z7 /Ob0 /Od /RTC1 "
      CMAKE_EXE_LINKER_FLAGS: "/machine:x64"
      CMAKE_MODULE_PATH: "C:/Users/27118/Desktop/Imperial/abstraction-recovery/cpp/vcpkg_installed/vcpkg/blds/suitesparse-cholmod/src/v7.8.3-371eca9f9f.clean/CHOLMOD/cmake_modules;C:/Users/27118/Desktop/Imperial/abstraction-recovery/cpp/vcpkg_installed/vcpkg/blds/suitesparse-cholmod/src/v7.8.3-371eca9f9f.clean/CHOLMOD/../SuiteSparse_config/cmake_modules;C:/Users/27118/Desktop/Imperial/abstraction-recovery/cpp/vcpkg_installed/vcpkg/blds/suitesparse-cholmod/src/v7.8.3-371eca9f9f.clean/CHOLMOD/cmake_modules;C:/Users/27118/Desktop/Imperial/abstraction-recovery/cpp/vcpkg_installed/vcpkg/blds/suitesparse-cholmod/src/v7.8.3-371eca9f9f.clean/CHOLMOD/../lib/cmake"
      CMAKE_MSVC_DEBUG_INFORMATION_FORMAT: ""
      CMAKE_MSVC_RUNTIME_LIBRARY: "MultiThreaded$<$<CONFIG:Debug>:Debug>$<$<STREQUAL:dynamic,dynamic>:DLL>"
      VCPKG_CHAINLOAD_TOOLCHAIN_FILE: "D:/VS/2022/BuildTools/VC/vcpkg/scripts/toolchains/windows.cmake"
      VCPKG_CRT_LINKAGE: "dynamic"
      VCPKG_CXX_FLAGS: ""
      VCPKG_CXX_FLAGS_DEBUG: ""
      VCPKG_CXX_FLAGS_RELEASE: ""
      VCPKG_C_FLAGS: ""
      VCPKG_C_FLAGS_DEBUG: ""
      VCPKG_C_FLAGS_RELEASE: ""
      VCPKG_INSTALLED_DIR: "C:/Users/27118/Desktop/Imperial/abstraction-recovery/cpp/vcpkg_installed"
      VCPKG_LINKER_FLAGS: ""
      VCPKG_LINKER_FLAGS_DEBUG: ""
      VCPKG_LINKER_FLAGS_RELEASE: ""
      VCPKG_PLATFORM_TOOLSET: "v143"
      VCPKG_PREFER_SYSTEM_LIBS: "OFF"
      VCPKG_SET_CHARSET_FLAG: "ON"
      VCPKG_TARGET_ARCHITECTURE: "x64"
      VCPKG_TARGET_TRIPLET: "x64-windows"
      Z_VCPKG_ROOT_DIR: "D:/VS/2022/BuildTools/VC/vcpkg"
    buildResult:
      variable: "NO_LIBM"
      cached: true
      stdout: |
        Change Dir: 'C:/Users/27118/Desktop/Imperial/abstraction-recovery/cpp/vcpkg_installed/vcpkg/blds/suitesparse-cholmod/x64-windows-dbg/CMakeFiles/CMakeScratch/TryCompile-91lck9'
        
        Run Build Command(s): D:/VS/2022/BuildTools/Common7/IDE/CommonExtensions/Microsoft/CMake/Ninja/ninja.exe -v cmTC_192e8
        [1/2] D:\\VS\\2022\\BuildTools\\VC\\Tools\\MSVC\\14.44.35207\\bin\\Hostx64\\x64\\cl.exe  /nologo   /nologo /DWIN32 /D_WINDOWS /utf-8 /MP   /MDd /Z7 /Ob0 /Od /RTC1  -MDd /showIncludes /FoCMakeFiles\\cmTC_192e8.dir\\CheckSymbolExists.c.obj /FdCMakeFiles\\cmTC_192e8.dir\\ /FS -c C:\\Users\\27118\\Desktop\\Imperial\\abstraction-recovery\\cpp\\vcpkg_installed\\vcpkg\\blds\\suitesparse-cholmod\\x64-windows-dbg\\CMakeFiles\\CMakeScratch\\TryCompile-91lck9\\CheckSymbolExists.c
        [2/2] C:\\WINDOWS\\system32\\cmd.exe /C "cd . && C:\\Users\\27118\\AppData\\Local\\vcpkg\\downloads\\tools\\cmake-3.30.1-windows\\cmake-3.30.1-windows-i386\\bin\\cmake.exe -E vs_link_exe --intdir=CMakeFiles\\cmTC_192e8.dir --rc=C:\\PROGRA~2\\WI3CF2~1\\10\\bin\\100261~1.0\\x64\\rc.exe --mt=C:\\PROGRA~2\\WI3CF2~1\\10\\bin\\100261~1.0\\x64\\mt.exe --manifests  -- D:\\VS\\2022\\BuildTools\\VC\\Tools\\MSVC\\14.44.35207\\bin\\Hostx64\\x64\\link.exe /nologo CMakeFiles\\cmTC_192e8.dir\\CheckSymbolExists.c.obj  /out:cmTC_192e8.exe /implib:cmTC_192e8.lib /pdb:cmTC_192e8.pdb /version:0.0 /machine:x64  /nologo    /debug /INCREMENTAL /subsystem:console  kernel32.lib user32.lib gdi32.lib winspool.lib shell32.lib ole32.lib oleaut32.lib uuid.lib comdlg32.lib advapi32.lib && cd ."
        
      exitCode: 0
...
